<?xml version="1.0" encoding="UTF-8"?>
<robot generator="Robot 5.0.1 (Python 3.9.13 on win32)" generated="20230819 23:41:32.200" rpa="true" schemaversion="3">
<suite id="s1" name="Tasks" source="c:\robocorp\l2\tasks.robot">
<test id="s1-t1" name="Order robots from RobotSpareBin Industries Inc" line="27">
<kw name="Init Bot" type="SETUP">
<kw name="Create Directory" library="OperatingSystem">
<arg>${imgs}</arg>
<doc>Creates the specified directory.</doc>
<msg timestamp="20230819 23:41:36.125" level="INFO" html="true">Directory '&lt;a href="file://c:\robocorp\l2\output\images"&gt;c:\robocorp\l2\output\images&lt;/a&gt;' already exists.</msg>
<status status="PASS" starttime="20230819 23:41:36.124" endtime="20230819 23:41:36.130"/>
</kw>
<kw name="Create Directory" library="OperatingSystem">
<arg>${pdfs}</arg>
<doc>Creates the specified directory.</doc>
<msg timestamp="20230819 23:41:36.131" level="INFO" html="true">Directory '&lt;a href="file://c:\robocorp\l2\output\pdfs"&gt;c:\robocorp\l2\output\pdfs&lt;/a&gt;' already exists.</msg>
<status status="PASS" starttime="20230819 23:41:36.130" endtime="20230819 23:41:36.131"/>
</kw>
<kw name="Empty Directory" library="OperatingSystem">
<arg>${imgs}</arg>
<doc>Deletes all the content from the given directory.</doc>
<msg timestamp="20230819 23:41:36.132" level="INFO" html="true">Listing contents of directory '&lt;a href="file://c:\robocorp\l2\output\images"&gt;c:\robocorp\l2\output\images&lt;/a&gt;'.</msg>
<msg timestamp="20230819 23:41:36.151" level="INFO" html="true">Emptied directory '&lt;a href="file://c:\robocorp\l2\output\images"&gt;c:\robocorp\l2\output\images&lt;/a&gt;'.</msg>
<status status="PASS" starttime="20230819 23:41:36.132" endtime="20230819 23:41:36.151"/>
</kw>
<kw name="Empty Directory" library="OperatingSystem">
<arg>${pdfs}</arg>
<doc>Deletes all the content from the given directory.</doc>
<msg timestamp="20230819 23:41:36.152" level="INFO" html="true">Listing contents of directory '&lt;a href="file://c:\robocorp\l2\output\pdfs"&gt;c:\robocorp\l2\output\pdfs&lt;/a&gt;'.</msg>
<msg timestamp="20230819 23:41:36.171" level="INFO" html="true">Emptied directory '&lt;a href="file://c:\robocorp\l2\output\pdfs"&gt;c:\robocorp\l2\output\pdfs&lt;/a&gt;'.</msg>
<status status="PASS" starttime="20230819 23:41:36.151" endtime="20230819 23:41:36.172"/>
</kw>
<kw name="Empty Directory" library="OperatingSystem">
<arg>${output}</arg>
<doc>Deletes all the content from the given directory.</doc>
<msg timestamp="20230819 23:41:36.172" level="INFO" html="true">Listing contents of directory '&lt;a href="file://c:\robocorp\l2\output"&gt;c:\robocorp\l2\output&lt;/a&gt;'.</msg>
<msg timestamp="20230819 23:41:36.176" level="INFO" html="true">Emptied directory '&lt;a href="file://c:\robocorp\l2\output"&gt;c:\robocorp\l2\output&lt;/a&gt;'.</msg>
<status status="PASS" starttime="20230819 23:41:36.172" endtime="20230819 23:41:36.177"/>
</kw>
<status status="PASS" starttime="20230819 23:41:36.123" endtime="20230819 23:41:36.177"/>
</kw>
<kw name="Log" library="BuiltIn">
<arg>Creating orders.</arg>
<doc>Logs the given message with the given level.</doc>
<msg timestamp="20230819 23:41:36.179" level="INFO">Creating orders.</msg>
<status status="PASS" starttime="20230819 23:41:36.178" endtime="20230819 23:41:36.179"/>
</kw>
<kw name="Open the Robot Order Website">
<kw name="Log" library="BuiltIn">
<arg>openning website ${WEB_URL}</arg>
<doc>Logs the given message with the given level.</doc>
<msg timestamp="20230819 23:41:36.182" level="INFO">openning website https://robotsparebinindustries.com/#/robot-order</msg>
<status status="PASS" starttime="20230819 23:41:36.181" endtime="20230819 23:41:36.182"/>
</kw>
<kw name="Open Available Browser" library="RPA.Browser.Selenium">
<arg>${WEB_URL}</arg>
<doc>Attempts to open a browser on the user's device from a set of
supported browsers. Automatically downloads a corresponding webdriver
if none is already installed.</doc>
<msg timestamp="20230819 23:41:36.184" level="INFO">Creating an instance of the Chrome WebDriver.</msg>
<msg timestamp="20230819 23:41:38.639" level="INFO">Created Chrome browser with arguments: --disable-dev-shm-usage --disable-web-security --allow-running-insecure-content --no-sandbox</msg>
<msg timestamp="20230819 23:41:38.640" level="INFO" html="true">&lt;p&gt;Attempted combinations:&lt;/p&gt;&lt;div class="doc"&gt;&lt;table&gt;&lt;tr&gt;&lt;th&gt;Browser&lt;/th&gt;&lt;th&gt;Download&lt;/th&gt;&lt;th&gt;Error&lt;/th&gt;&lt;/tr&gt;&lt;tr&gt;&lt;td&gt;Chrome&lt;/td&gt;&lt;td&gt;False&lt;/td&gt;&lt;td&gt;&lt;/td&gt;&lt;/tr&gt;&lt;/table&gt;&lt;/div&gt;</msg>
<msg timestamp="20230819 23:41:38.641" level="INFO">Opening url 'https://robotsparebinindustries.com/#/robot-order'</msg>
<status status="PASS" starttime="20230819 23:41:36.182" endtime="20230819 23:41:40.403"/>
</kw>
<status status="PASS" starttime="20230819 23:41:36.180" endtime="20230819 23:41:40.403"/>
</kw>
<kw name="Get Orders">
<var>${orders}</var>
<kw name="Log" library="BuiltIn">
<arg>downloading order.csv</arg>
<doc>Logs the given message with the given level.</doc>
<msg timestamp="20230819 23:41:40.408" level="INFO">downloading order.csv</msg>
<status status="PASS" starttime="20230819 23:41:40.407" endtime="20230819 23:41:40.408"/>
</kw>
<kw name="Download" library="RPA.HTTP">
<arg>url=${CSV_URL}</arg>
<arg>target_file=c:\\robocorp\\l2/orders.csv</arg>
<arg>overwrite=True</arg>
<doc>An alias for the ``HTTP Get`` keyword.</doc>
<msg timestamp="20230819 23:41:40.409" level="INFO">Creating a new HTTP session</msg>
<msg timestamp="20230819 23:41:40.410" level="INFO">Creating Session using : alias=rpasession_alias.httpsrobotsparebinindustries.com, url=https://robotsparebinindustries.com, headers={},                     cookies={}, auth=None, timeout=None, proxies=None, verify=True,                     debug=0 </msg>
<status status="PASS" starttime="20230819 23:41:40.408" endtime="20230819 23:41:41.454"/>
</kw>
<kw name="Read table from CSV" library="RPA.Tables">
<var>${orders}</var>
<arg>path=c:\\robocorp\\l2/orders.csv</arg>
<doc>Read a CSV file as a table.</doc>
<msg timestamp="20230819 23:41:41.462" level="INFO">${orders} = Table(columns=['Order number', 'Head', 'Body', 'Legs', 'Address'], rows=20)</msg>
<status status="PASS" starttime="20230819 23:41:41.456" endtime="20230819 23:41:41.462"/>
</kw>
<return>
<value>${orders}</value>
<status status="PASS" starttime="20230819 23:41:41.463" endtime="20230819 23:41:41.463"/>
</return>
<msg timestamp="20230819 23:41:41.464" level="INFO">${orders} = Table(columns=['Order number', 'Head', 'Body', 'Legs', 'Address'], rows=20)</msg>
<status status="PASS" starttime="20230819 23:41:40.405" endtime="20230819 23:41:41.464"/>
</kw>
<for flavor="IN">
<var>${order}</var>
<value>@{orders}</value>
<iter>
<var name="${order}">{'Order number': '1', 'Head': '1', 'Body': '2', 'Legs': '3', 'Address': 'Address 123'}</var>
<kw name="Close the annoying modal">
<kw name="Log" library="BuiltIn">
<arg>close popup</arg>
<doc>Logs the given message with the given level.</doc>
<msg timestamp="20230819 23:41:41.470" level="INFO">close popup</msg>
<status status="PASS" starttime="20230819 23:41:41.469" endtime="20230819 23:41:41.471"/>
</kw>
<kw name="Wait And Click Button" library="RPA.Browser.Selenium">
<arg>alias:btn_yep</arg>
<doc>Click button identified by ``locator``, once it becomes visible.</doc>
<msg timestamp="20230819 23:41:41.525" level="INFO">Clicking button 'alias:btn_yep'.</msg>
<status status="PASS" starttime="20230819 23:41:41.471" endtime="20230819 23:41:41.645"/>
</kw>
<status status="PASS" starttime="20230819 23:41:41.468" endtime="20230819 23:41:41.646"/>
</kw>
<kw name="Fill the form">
<arg>${order}</arg>
<kw name="Log" library="BuiltIn">
<arg>filling the form</arg>
<doc>Logs the given message with the given level.</doc>
<msg timestamp="20230819 23:41:41.648" level="INFO">filling the form</msg>
<status status="PASS" starttime="20230819 23:41:41.647" endtime="20230819 23:41:41.648"/>
</kw>
<kw name="Select From List By Value" library="RPA.Browser.Selenium">
<arg>alias:dd_head</arg>
<arg>${order}[Head]</arg>
<doc>Selects options from selection list ``locator`` by ``values``.</doc>
<msg timestamp="20230819 23:41:41.651" level="INFO">Selecting options from selection list 'alias:dd_head' by value 1.</msg>
<status status="PASS" starttime="20230819 23:41:41.649" endtime="20230819 23:41:41.787"/>
</kw>
<kw name="Select Radio Button" library="RPA.Browser.Selenium">
<arg>body</arg>
<arg>${order}[Body]</arg>
<doc>Sets the radio button group ``group_name`` to ``value``.</doc>
<msg timestamp="20230819 23:41:41.790" level="INFO">Selecting '2' from radio button 'body'.</msg>
<status status="PASS" starttime="20230819 23:41:41.788" endtime="20230819 23:41:41.879"/>
</kw>
<kw name="Input Text" library="RPA.Browser.Selenium">
<arg>alias:in_legs</arg>
<arg>${order}[Legs]</arg>
<doc>Types the given ``text`` into the text field identified by ``locator``.</doc>
<msg timestamp="20230819 23:41:41.880" level="INFO">Typing text '3' into text field 'alias:in_legs'.</msg>
<status status="PASS" starttime="20230819 23:41:41.880" endtime="20230819 23:41:42.049"/>
</kw>
<kw name="Input Text" library="RPA.Browser.Selenium">
<arg>alias:in_address</arg>
<arg>${order}[Address]</arg>
<doc>Types the given ``text`` into the text field identified by ``locator``.</doc>
<msg timestamp="20230819 23:41:42.050" level="INFO">Typing text 'Address 123' into text field 'alias:in_address'.</msg>
<status status="PASS" starttime="20230819 23:41:42.049" endtime="20230819 23:41:42.189"/>
</kw>
<status status="PASS" starttime="20230819 23:41:41.646" endtime="20230819 23:41:42.189"/>
</kw>
<kw name="Wait Until Keyword Succeeds" library="BuiltIn">
<arg>4x</arg>
<arg>3s</arg>
<arg>Preview the robot</arg>
<doc>Runs the specified keyword and retries if it fails.</doc>
<kw name="Preview the robot">
<kw name="Log" library="BuiltIn">
<arg>previewing</arg>
<doc>Logs the given message with the given level.</doc>
<msg timestamp="20230819 23:41:42.192" level="INFO">previewing</msg>
<status status="PASS" starttime="20230819 23:41:42.192" endtime="20230819 23:41:42.193"/>
</kw>
<kw name="Click Button When Visible" library="RPA.Browser.Selenium">
<arg>alias:btn_preview</arg>
<doc>Click button identified by ``locator``, once it becomes visible.</doc>
<msg timestamp="20230819 23:41:42.233" level="INFO">Clicking button 'alias:btn_preview'.</msg>
<status status="PASS" starttime="20230819 23:41:42.193" endtime="20230819 23:41:42.345"/>
</kw>
<kw name="Wait Until Element Is Visible" library="RPA.Browser.Selenium">
<arg>alias:img_preview</arg>
<doc>Waits until the element ``locator`` is visible.</doc>
<status status="PASS" starttime="20230819 23:41:42.345" endtime="20230819 23:41:42.382"/>
</kw>
<status status="PASS" starttime="20230819 23:41:42.191" endtime="20230819 23:41:42.382"/>
</kw>
<status status="PASS" starttime="20230819 23:41:42.190" endtime="20230819 23:41:42.382"/>
</kw>
<kw name="Wait Until Keyword Succeeds" library="BuiltIn">
<arg>4x</arg>
<arg>3s</arg>
<arg>Submit The Order</arg>
<doc>Runs the specified keyword and retries if it fails.</doc>
<kw name="Submit the order">
<kw name="Log" library="BuiltIn">
<arg>submitting order</arg>
<doc>Logs the given message with the given level.</doc>
<msg timestamp="20230819 23:41:42.385" level="INFO">submitting order</msg>
<status status="PASS" starttime="20230819 23:41:42.384" endtime="20230819 23:41:42.385"/>
</kw>
<kw name="Mute Run On Failure" library="RPA.RobotLogListener">
<arg>Page Should Contain Element</arg>
<doc>Set keywords which should not execute `SeleniumLibrary`
default behaviour of running keyword on failure.</doc>
<kw name="Get Library Instance" library="BuiltIn">
<arg>RPA.Browser</arg>
<doc>Returns the currently active instance of the specified library.</doc>
<msg timestamp="20230819 23:41:42.389" level="FAIL">No library 'RPA.Browser' found.</msg>
<status status="FAIL" starttime="20230819 23:41:42.387" endtime="20230819 23:41:42.395"/>
</kw>
<kw name="Get Library Instance" library="BuiltIn">
<arg>RPA.Browser.Selenium</arg>
<doc>Returns the currently active instance of the specified library.</doc>
<status status="PASS" starttime="20230819 23:41:42.395" endtime="20230819 23:41:42.396"/>
</kw>
<status status="PASS" starttime="20230819 23:41:42.385" endtime="20230819 23:41:42.396"/>
</kw>
<kw name="Click Button" library="RPA.Browser.Selenium">
<arg>alias:btn_order</arg>
<doc>Clicks the button identified by ``locator``.</doc>
<msg timestamp="20230819 23:41:42.397" level="INFO">Clicking button 'alias:btn_order'.</msg>
<status status="PASS" starttime="20230819 23:41:42.397" endtime="20230819 23:41:42.515"/>
</kw>
<kw name="Page Should Contain Element" library="RPA.Browser.Selenium">
<arg>alias:img_receipt</arg>
<doc>Verifies that element ``locator`` is found on the current page.</doc>
<msg timestamp="20230819 23:41:42.516" level="INFO">No keyword will be run on failure.</msg>
<msg timestamp="20230819 23:41:42.546" level="FAIL">Page should have contained element 'alias:img_receipt' but did not.</msg>
<msg timestamp="20230819 23:41:42.550" level="INFO">Capture Page Screenshot will be run on failure.</msg>
<status status="FAIL" starttime="20230819 23:41:42.515" endtime="20230819 23:41:42.549"/>
</kw>
<status status="FAIL" starttime="20230819 23:41:42.383" endtime="20230819 23:41:42.551"/>
</kw>
<kw name="Submit the order">
<kw name="Log" library="BuiltIn">
<arg>submitting order</arg>
<doc>Logs the given message with the given level.</doc>
<msg timestamp="20230819 23:41:45.563" level="INFO">submitting order</msg>
<status status="PASS" starttime="20230819 23:41:45.562" endtime="20230819 23:41:45.564"/>
</kw>
<kw name="Mute Run On Failure" library="RPA.RobotLogListener">
<arg>Page Should Contain Element</arg>
<doc>Set keywords which should not execute `SeleniumLibrary`
default behaviour of running keyword on failure.</doc>
<kw name="Get Library Instance" library="BuiltIn">
<arg>RPA.Browser</arg>
<doc>Returns the currently active instance of the specified library.</doc>
<msg timestamp="20230819 23:41:45.568" level="FAIL">No library 'RPA.Browser' found.</msg>
<status status="FAIL" starttime="20230819 23:41:45.566" endtime="20230819 23:41:45.569"/>
</kw>
<kw name="Get Library Instance" library="BuiltIn">
<arg>RPA.Browser.Selenium</arg>
<doc>Returns the currently active instance of the specified library.</doc>
<status status="PASS" starttime="20230819 23:41:45.570" endtime="20230819 23:41:45.571"/>
</kw>
<status status="PASS" starttime="20230819 23:41:45.565" endtime="20230819 23:41:45.572"/>
</kw>
<kw name="Click Button" library="RPA.Browser.Selenium">
<arg>alias:btn_order</arg>
<doc>Clicks the button identified by ``locator``.</doc>
<msg timestamp="20230819 23:41:45.573" level="INFO">Clicking button 'alias:btn_order'.</msg>
<status status="PASS" starttime="20230819 23:41:45.572" endtime="20230819 23:41:45.671"/>
</kw>
<kw name="Page Should Contain Element" library="RPA.Browser.Selenium">
<arg>alias:img_receipt</arg>
<doc>Verifies that element ``locator`` is found on the current page.</doc>
<msg timestamp="20230819 23:41:45.673" level="INFO">No keyword will be run on failure.</msg>
<msg timestamp="20230819 23:41:45.673" level="INFO">No keyword will be run on failure.</msg>
<msg timestamp="20230819 23:41:45.696" level="FAIL">Page should have contained element 'alias:img_receipt' but did not.</msg>
<status status="FAIL" starttime="20230819 23:41:45.672" endtime="20230819 23:41:45.697"/>
</kw>
<status status="FAIL" starttime="20230819 23:41:45.560" endtime="20230819 23:41:45.699"/>
</kw>
<kw name="Submit the order">
<kw name="Log" library="BuiltIn">
<arg>submitting order</arg>
<doc>Logs the given message with the given level.</doc>
<msg timestamp="20230819 23:41:48.716" level="INFO">submitting order</msg>
<status status="PASS" starttime="20230819 23:41:48.716" endtime="20230819 23:41:48.717"/>
</kw>
<kw name="Mute Run On Failure" library="RPA.RobotLogListener">
<arg>Page Should Contain Element</arg>
<doc>Set keywords which should not execute `SeleniumLibrary`
default behaviour of running keyword on failure.</doc>
<kw name="Get Library Instance" library="BuiltIn">
<arg>RPA.Browser</arg>
<doc>Returns the currently active instance of the specified library.</doc>
<msg timestamp="20230819 23:41:48.721" level="FAIL">No library 'RPA.Browser' found.</msg>
<status status="FAIL" starttime="20230819 23:41:48.719" endtime="20230819 23:41:48.722"/>
</kw>
<kw name="Get Library Instance" library="BuiltIn">
<arg>RPA.Browser.Selenium</arg>
<doc>Returns the currently active instance of the specified library.</doc>
<status status="PASS" starttime="20230819 23:41:48.723" endtime="20230819 23:41:48.724"/>
</kw>
<status status="PASS" starttime="20230819 23:41:48.717" endtime="20230819 23:41:48.725"/>
</kw>
<kw name="Click Button" library="RPA.Browser.Selenium">
<arg>alias:btn_order</arg>
<doc>Clicks the button identified by ``locator``.</doc>
<msg timestamp="20230819 23:41:48.726" level="INFO">Clicking button 'alias:btn_order'.</msg>
<status status="PASS" starttime="20230819 23:41:48.725" endtime="20230819 23:41:48.837"/>
</kw>
<kw name="Page Should Contain Element" library="RPA.Browser.Selenium">
<arg>alias:img_receipt</arg>
<doc>Verifies that element ``locator`` is found on the current page.</doc>
<msg timestamp="20230819 23:41:48.841" level="INFO">No keyword will be run on failure.</msg>
<msg timestamp="20230819 23:41:48.841" level="INFO">No keyword will be run on failure.</msg>
<msg timestamp="20230819 23:41:48.841" level="INFO">No keyword will be run on failure.</msg>
<msg timestamp="20230819 23:41:48.872" level="FAIL">Page should have contained element 'alias:img_receipt' but did not.</msg>
<status status="FAIL" starttime="20230819 23:41:48.838" endtime="20230819 23:41:48.874"/>
</kw>
<status status="FAIL" starttime="20230819 23:41:48.713" endtime="20230819 23:41:48.875"/>
</kw>
<kw name="Submit the order">
<kw name="Log" library="BuiltIn">
<arg>submitting order</arg>
<doc>Logs the given message with the given level.</doc>
<msg timestamp="20230819 23:41:51.894" level="INFO">submitting order</msg>
<status status="PASS" starttime="20230819 23:41:51.893" endtime="20230819 23:41:51.894"/>
</kw>
<kw name="Mute Run On Failure" library="RPA.RobotLogListener">
<arg>Page Should Contain Element</arg>
<doc>Set keywords which should not execute `SeleniumLibrary`
default behaviour of running keyword on failure.</doc>
<kw name="Get Library Instance" library="BuiltIn">
<arg>RPA.Browser</arg>
<doc>Returns the currently active instance of the specified library.</doc>
<msg timestamp="20230819 23:41:51.898" level="FAIL">No library 'RPA.Browser' found.</msg>
<status status="FAIL" starttime="20230819 23:41:51.896" endtime="20230819 23:41:51.898"/>
</kw>
<kw name="Get Library Instance" library="BuiltIn">
<arg>RPA.Browser.Selenium</arg>
<doc>Returns the currently active instance of the specified library.</doc>
<status status="PASS" starttime="20230819 23:41:51.899" endtime="20230819 23:41:51.900"/>
</kw>
<status status="PASS" starttime="20230819 23:41:51.894" endtime="20230819 23:41:51.901"/>
</kw>
<kw name="Click Button" library="RPA.Browser.Selenium">
<arg>alias:btn_order</arg>
<doc>Clicks the button identified by ``locator``.</doc>
<msg timestamp="20230819 23:41:51.902" level="INFO">Clicking button 'alias:btn_order'.</msg>
<status status="PASS" starttime="20230819 23:41:51.902" endtime="20230819 23:41:52.012"/>
</kw>
<kw name="Page Should Contain Element" library="RPA.Browser.Selenium">
<arg>alias:img_receipt</arg>
<doc>Verifies that element ``locator`` is found on the current page.</doc>
<msg timestamp="20230819 23:41:52.013" level="INFO">No keyword will be run on failure.</msg>
<msg timestamp="20230819 23:41:52.014" level="INFO">No keyword will be run on failure.</msg>
<msg timestamp="20230819 23:41:52.014" level="INFO">No keyword will be run on failure.</msg>
<msg timestamp="20230819 23:41:52.014" level="INFO">No keyword will be run on failure.</msg>
<msg timestamp="20230819 23:41:52.034" level="INFO">Current page contains element 'alias:img_receipt'.</msg>
<status status="PASS" starttime="20230819 23:41:52.013" endtime="20230819 23:41:52.035"/>
</kw>
<status status="PASS" starttime="20230819 23:41:51.891" endtime="20230819 23:41:52.035"/>
</kw>
<status status="PASS" starttime="20230819 23:41:42.383" endtime="20230819 23:41:52.036"/>
</kw>
<kw name="Store the receipt as a PDF file">
<var>${pdf}</var>
<arg>${order}[Order number]</arg>
<kw name="Log" library="BuiltIn">
<arg>printing pdf for ${order_num}</arg>
<doc>Logs the given message with the given level.</doc>
<msg timestamp="20230819 23:41:52.038" level="INFO">printing pdf for 1</msg>
<status status="PASS" starttime="20230819 23:41:52.037" endtime="20230819 23:41:52.038"/>
</kw>
<kw name="Get Element Attribute" library="RPA.Browser.Selenium">
<var>${order_receipt_html}</var>
<arg>alias:img_receipt</arg>
<arg>attribute=outerHTML</arg>
<doc>Returns the value of ``attribute`` from the element ``locator``.</doc>
<msg timestamp="20230819 23:41:52.075" level="INFO">${order_receipt_html} = &lt;div id="receipt" class="alert alert-success" role="alert"&gt;&lt;h3&gt;Receipt&lt;/h3&gt;&lt;div&gt;2023-08-19T18:11:51.995Z&lt;/div&gt;&lt;p class="badge badge-success"&gt;RSB-ROBO-ORDER-FMQO3MBVB&lt;/p&gt;&lt;p&gt;Address 123&lt;/p&gt;&lt;div id="part...</msg>
<status status="PASS" starttime="20230819 23:41:52.038" endtime="20230819 23:41:52.075"/>
</kw>
<kw name="Set Local Variable" library="BuiltIn">
<arg>${pdf_name}</arg>
<arg>${pdfs}/${order_num}.pdf</arg>
<doc>Makes a variable available everywhere within the local scope.</doc>
<msg timestamp="20230819 23:41:52.078" level="INFO">${pdf_name} = c:\robocorp\l2/output/pdfs/1.pdf</msg>
<status status="PASS" starttime="20230819 23:41:52.076" endtime="20230819 23:41:52.078"/>
</kw>
<kw name="Html To Pdf" library="RPA.PDF">
<arg>content=${order_receipt_html}</arg>
<arg>output_path=${pdf_name}</arg>
<doc>Generate a PDF file from HTML content.</doc>
<msg timestamp="20230819 23:41:52.083" level="INFO">Writing output to file C:\robocorp\l2\output\pdfs\1.pdf</msg>
<msg timestamp="20230819 23:41:52.288" level="INFO">maxp pruned</msg>
<msg timestamp="20230819 23:41:52.288" level="INFO">cmap pruned</msg>
<msg timestamp="20230819 23:41:52.297" level="INFO">post pruned</msg>
<msg timestamp="20230819 23:41:52.302" level="INFO">GDEF dropped</msg>
<msg timestamp="20230819 23:41:52.303" level="INFO">GPOS dropped</msg>
<msg timestamp="20230819 23:41:52.303" level="INFO">GSUB dropped</msg>
<msg timestamp="20230819 23:41:52.309" level="INFO">glyf pruned</msg>
<msg timestamp="20230819 23:41:52.310" level="INFO">Added gid0 to subset</msg>
<msg timestamp="20230819 23:41:52.310" level="INFO">Added first four glyphs to subset</msg>
<msg timestamp="20230819 23:41:52.311" level="INFO">Closing glyph list over 'glyf': 59 glyphs before</msg>
<msg timestamp="20230819 23:41:52.311" level="INFO">Glyph names: ['.notdef', '.null', 'uni0020', 'uni0021', 'uni002D', 'uni002E', 'uni0030', 'uni0031', 'uni0032', 'uni0033', 'uni0034', 'uni0035', 'uni0036', 'uni0037', 'uni0038', 'uni0039', 'uni003A', 'uni0041', 'uni0042', 'uni0044', 'uni0045', 'uni0046', 'uni0048', 'uni004C', 'uni004D', 'uni004F', 'uni0051', 'uni0052', 'uni0053', 'uni0054', 'uni0056', 'uni0057', 'uni0059', 'uni005A', 'uni0061', 'uni0062', 'uni0063', 'uni0064', 'uni0065', 'uni0066', 'uni0067', 'uni0068', 'uni0069', 'uni006B', 'uni006C', 'uni006D', 'uni006E', 'uni006F', 'uni0070', 'uni0072', 'uni0073', 'uni0074', 'uni0075', 'uni0076', 'uni0077', 'uni0079', 'uni007B', 'uni007D', 'uni00C4']</msg>
<msg timestamp="20230819 23:41:52.312" level="INFO">Glyph IDs:   [0, 1, 2, 3, 65, 84, 95, 137, 161, 280, 291, 320, 381, 382, 395, 409, 453, 456, 469, 493, 504, 575, 582, 594, 612, 645, 650, 660, 679, 715, 723, 752, 759, 775, 827, 837, 867, 884, 899, 932, 936, 950, 1294, 1295, 1296, 1298, 1299, 1300, 1302, 1303, 1304, 1305, 1329, 1345, 1346, 1361, 1404, 1407, 1681]</msg>
<msg timestamp="20230819 23:41:52.312" level="INFO">Closed glyph list over 'glyf': 59 glyphs after</msg>
<msg timestamp="20230819 23:41:52.313" level="INFO">Glyph names: ['.notdef', '.null', 'uni0020', 'uni0021', 'uni002D', 'uni002E', 'uni0030', 'uni0031', 'uni0032', 'uni0033', 'uni0034', 'uni0035', 'uni0036', 'uni0037', 'uni0038', 'uni0039', 'uni003A', 'uni0041', 'uni0042', 'uni0044', 'uni0045', 'uni0046', 'uni0048', 'uni004C', 'uni004D', 'uni004F', 'uni0051', 'uni0052', 'uni0053', 'uni0054', 'uni0056', 'uni0057', 'uni0059', 'uni005A', 'uni0061', 'uni0062', 'uni0063', 'uni0064', 'uni0065', 'uni0066', 'uni0067', 'uni0068', 'uni0069', 'uni006B', 'uni006C', 'uni006D', 'uni006E', 'uni006F', 'uni0070', 'uni0072', 'uni0073', 'uni0074', 'uni0075', 'uni0076', 'uni0077', 'uni0079', 'uni007B', 'uni007D', 'uni00C4']</msg>
<msg timestamp="20230819 23:41:52.314" level="INFO">Glyph IDs:   [0, 1, 2, 3, 65, 84, 95, 137, 161, 280, 291, 320, 381, 382, 395, 409, 453, 456, 469, 493, 504, 575, 582, 594, 612, 645, 650, 660, 679, 715, 723, 752, 759, 775, 827, 837, 867, 884, 899, 932, 936, 950, 1294, 1295, 1296, 1298, 1299, 1300, 1302, 1303, 1304, 1305, 1329, 1345, 1346, 1361, 1404, 1407, 1681]</msg>
<msg timestamp="20230819 23:41:52.314" level="INFO">Retaining 59 glyphs</msg>
<msg timestamp="20230819 23:41:52.315" level="INFO">head subsetting not needed</msg>
<msg timestamp="20230819 23:41:52.315" level="INFO">hhea subsetting not needed</msg>
<msg timestamp="20230819 23:41:52.316" level="INFO">maxp subsetting not needed</msg>
<msg timestamp="20230819 23:41:52.316" level="INFO">OS/2 subsetting not needed</msg>
<msg timestamp="20230819 23:41:52.316" level="INFO">hmtx subsetted</msg>
<msg timestamp="20230819 23:41:52.319" level="INFO">cmap subsetted</msg>
<msg timestamp="20230819 23:41:52.319" level="INFO">prep subsetting not needed</msg>
<msg timestamp="20230819 23:41:52.320" level="INFO">loca subsetting not needed</msg>
<msg timestamp="20230819 23:41:52.320" level="INFO">post subsetted</msg>
<msg timestamp="20230819 23:41:52.320" level="INFO">gasp subsetting not needed</msg>
<msg timestamp="20230819 23:41:52.321" level="INFO">STAT subsetting not needed</msg>
<msg timestamp="20230819 23:41:52.321" level="INFO">name subsetting not needed</msg>
<msg timestamp="20230819 23:41:52.322" level="INFO">glyf subsetted</msg>
<msg timestamp="20230819 23:41:52.323" level="INFO">head pruned</msg>
<msg timestamp="20230819 23:41:52.324" level="INFO">OS/2 Unicode ranges pruned: [0]</msg>
<msg timestamp="20230819 23:41:52.326" level="INFO">glyf pruned</msg>
<msg timestamp="20230819 23:41:52.328" level="INFO">name pruned</msg>
<msg timestamp="20230819 23:41:52.367" level="INFO">maxp pruned</msg>
<msg timestamp="20230819 23:41:52.368" level="INFO">cmap pruned</msg>
<msg timestamp="20230819 23:41:52.369" level="INFO">post pruned</msg>
<msg timestamp="20230819 23:41:52.370" level="INFO">GDEF dropped</msg>
<msg timestamp="20230819 23:41:52.370" level="INFO">GPOS dropped</msg>
<msg timestamp="20230819 23:41:52.371" level="INFO">GSUB dropped</msg>
<msg timestamp="20230819 23:41:52.380" level="INFO">glyf pruned</msg>
<msg timestamp="20230819 23:41:52.381" level="INFO">Added gid0 to subset</msg>
<msg timestamp="20230819 23:41:52.382" level="INFO">Added first four glyphs to subset</msg>
<msg timestamp="20230819 23:41:52.383" level="INFO">Closing glyph list over 'glyf': 19 glyphs before</msg>
<msg timestamp="20230819 23:41:52.383" level="INFO">Glyph names: ['.notdef', '.null', 'uni0020', 'uni0030', 'uni0031', 'uni0032', 'uni0033', 'uni0034', 'uni0035', 'uni0036', 'uni0037', 'uni0038', 'uni0039', 'uni0041', 'uni0062', 'uni006E', 'uni007B', 'uni007D', 'uni00C4']</msg>
<msg timestamp="20230819 23:41:52.384" level="INFO">Glyph IDs:   [0, 1, 2, 3, 575, 759, 1294, 1295, 1296, 1298, 1299, 1300, 1302, 1303, 1304, 1305, 1345, 1346, 1681]</msg>
<msg timestamp="20230819 23:41:52.385" level="INFO">Closed glyph list over 'glyf': 19 glyphs after</msg>
<msg timestamp="20230819 23:41:52.386" level="INFO">Glyph names: ['.notdef', '.null', 'uni0020', 'uni0030', 'uni0031', 'uni0032', 'uni0033', 'uni0034', 'uni0035', 'uni0036', 'uni0037', 'uni0038', 'uni0039', 'uni0041', 'uni0062', 'uni006E', 'uni007B', 'uni007D', 'uni00C4']</msg>
<msg timestamp="20230819 23:41:52.386" level="INFO">Glyph IDs:   [0, 1, 2, 3, 575, 759, 1294, 1295, 1296, 1298, 1299, 1300, 1302, 1303, 1304, 1305, 1345, 1346, 1681]</msg>
<msg timestamp="20230819 23:41:52.387" level="INFO">Retaining 19 glyphs</msg>
<msg timestamp="20230819 23:41:52.388" level="INFO">head subsetting not needed</msg>
<msg timestamp="20230819 23:41:52.389" level="INFO">hhea subsetting not needed</msg>
<msg timestamp="20230819 23:41:52.390" level="INFO">maxp subsetting not needed</msg>
<msg timestamp="20230819 23:41:52.390" level="INFO">OS/2 subsetting not needed</msg>
<msg timestamp="20230819 23:41:52.391" level="INFO">hmtx subsetted</msg>
<msg timestamp="20230819 23:41:52.394" level="INFO">cmap subsetted</msg>
<msg timestamp="20230819 23:41:52.395" level="INFO">prep subsetting not needed</msg>
<msg timestamp="20230819 23:41:52.396" level="INFO">loca subsetting not needed</msg>
<msg timestamp="20230819 23:41:52.397" level="INFO">post subsetted</msg>
<msg timestamp="20230819 23:41:52.430" level="INFO">gasp subsetting not needed</msg>
<msg timestamp="20230819 23:41:52.431" level="INFO">STAT subsetting not needed</msg>
<msg timestamp="20230819 23:41:52.432" level="INFO">name subsetting not needed</msg>
<msg timestamp="20230819 23:41:52.434" level="INFO">glyf subsetted</msg>
<msg timestamp="20230819 23:41:52.435" level="INFO">head pruned</msg>
<msg timestamp="20230819 23:41:52.436" level="INFO">OS/2 Unicode ranges pruned: [0]</msg>
<msg timestamp="20230819 23:41:52.437" level="INFO">glyf pruned</msg>
<msg timestamp="20230819 23:41:52.441" level="INFO">name pruned</msg>
<msg timestamp="20230819 23:41:52.487" level="INFO">maxp pruned</msg>
<msg timestamp="20230819 23:41:52.488" level="INFO">cmap pruned</msg>
<msg timestamp="20230819 23:41:52.489" level="INFO">post pruned</msg>
<msg timestamp="20230819 23:41:52.490" level="INFO">GDEF dropped</msg>
<msg timestamp="20230819 23:41:52.491" level="INFO">GPOS dropped</msg>
<msg timestamp="20230819 23:41:52.491" level="INFO">GSUB dropped</msg>
<msg timestamp="20230819 23:41:52.500" level="INFO">glyf pruned</msg>
<msg timestamp="20230819 23:41:52.506" level="INFO">Added gid0 to subset</msg>
<msg timestamp="20230819 23:41:52.507" level="INFO">Added first four glyphs to subset</msg>
<msg timestamp="20230819 23:41:52.508" level="INFO">Closing glyph list over 'glyf': 18 glyphs before</msg>
<msg timestamp="20230819 23:41:52.509" level="INFO">Glyph names: ['.notdef', '.null', 'uni0020', 'uni0030', 'uni0031', 'uni0032', 'uni0033', 'uni0034', 'uni0035', 'uni0036', 'uni0037', 'uni0038', 'uni0039', 'uni0062', 'uni006E', 'uni007B', 'uni007D', 'uni00A0']</msg>
<msg timestamp="20230819 23:41:52.510" level="INFO">Glyph IDs:   [0, 1, 2, 3, 544, 727, 1256, 1257, 1258, 1260, 1261, 1262, 1264, 1265, 1266, 1267, 1307, 1308]</msg>
<msg timestamp="20230819 23:41:52.510" level="INFO">Closed glyph list over 'glyf': 18 glyphs after</msg>
<msg timestamp="20230819 23:41:52.511" level="INFO">Glyph names: ['.notdef', '.null', 'uni0020', 'uni0030', 'uni0031', 'uni0032', 'uni0033', 'uni0034', 'uni0035', 'uni0036', 'uni0037', 'uni0038', 'uni0039', 'uni0062', 'uni006E', 'uni007B', 'uni007D', 'uni00A0']</msg>
<msg timestamp="20230819 23:41:52.512" level="INFO">Glyph IDs:   [0, 1, 2, 3, 544, 727, 1256, 1257, 1258, 1260, 1261, 1262, 1264, 1265, 1266, 1267, 1307, 1308]</msg>
<msg timestamp="20230819 23:41:52.513" level="INFO">Retaining 18 glyphs</msg>
<msg timestamp="20230819 23:41:52.513" level="INFO">head subsetting not needed</msg>
<msg timestamp="20230819 23:41:52.514" level="INFO">hhea subsetting not needed</msg>
<msg timestamp="20230819 23:41:52.514" level="INFO">maxp subsetting not needed</msg>
<msg timestamp="20230819 23:41:52.514" level="INFO">OS/2 subsetting not needed</msg>
<msg timestamp="20230819 23:41:52.515" level="INFO">hmtx subsetted</msg>
<msg timestamp="20230819 23:41:52.516" level="INFO">cmap subsetted</msg>
<msg timestamp="20230819 23:41:52.517" level="INFO">loca subsetting not needed</msg>
<msg timestamp="20230819 23:41:52.518" level="INFO">post subsetted</msg>
<msg timestamp="20230819 23:41:52.518" level="INFO">name subsetting not needed</msg>
<msg timestamp="20230819 23:41:52.520" level="INFO">glyf subsetted</msg>
<msg timestamp="20230819 23:41:52.520" level="INFO">head pruned</msg>
<msg timestamp="20230819 23:41:52.521" level="INFO">OS/2 Unicode ranges pruned: [0]</msg>
<msg timestamp="20230819 23:41:52.522" level="INFO">glyf pruned</msg>
<msg timestamp="20230819 23:41:52.523" level="INFO">name pruned</msg>
<msg timestamp="20230819 23:41:52.543" level="INFO">maxp pruned</msg>
<msg timestamp="20230819 23:41:52.544" level="INFO">cmap pruned</msg>
<msg timestamp="20230819 23:41:52.545" level="INFO">post pruned</msg>
<msg timestamp="20230819 23:41:52.545" level="INFO">GDEF dropped</msg>
<msg timestamp="20230819 23:41:52.546" level="INFO">GPOS dropped</msg>
<msg timestamp="20230819 23:41:52.546" level="INFO">GSUB dropped</msg>
<msg timestamp="20230819 23:41:52.555" level="INFO">glyf pruned</msg>
<msg timestamp="20230819 23:41:52.563" level="INFO">Added gid0 to subset</msg>
<msg timestamp="20230819 23:41:52.563" level="INFO">Added first four glyphs to subset</msg>
<msg timestamp="20230819 23:41:52.564" level="INFO">Closing glyph list over 'glyf': 18 glyphs before</msg>
<msg timestamp="20230819 23:41:52.564" level="INFO">Glyph names: ['.notdef', '.null', 'uni0020', 'uni0030', 'uni0031', 'uni0032', 'uni0033', 'uni0034', 'uni0035', 'uni0036', 'uni0037', 'uni0038', 'uni0039', 'uni0062', 'uni006E', 'uni007B', 'uni007D', 'uni00A0']</msg>
<msg timestamp="20230819 23:41:52.565" level="INFO">Glyph IDs:   [0, 1, 2, 3, 544, 727, 1256, 1257, 1258, 1260, 1261, 1262, 1264, 1265, 1266, 1267, 1307, 1308]</msg>
<msg timestamp="20230819 23:41:52.566" level="INFO">Closed glyph list over 'glyf': 18 glyphs after</msg>
<msg timestamp="20230819 23:41:52.566" level="INFO">Glyph names: ['.notdef', '.null', 'uni0020', 'uni0030', 'uni0031', 'uni0032', 'uni0033', 'uni0034', 'uni0035', 'uni0036', 'uni0037', 'uni0038', 'uni0039', 'uni0062', 'uni006E', 'uni007B', 'uni007D', 'uni00A0']</msg>
<msg timestamp="20230819 23:41:52.566" level="INFO">Glyph IDs:   [0, 1, 2, 3, 544, 727, 1256, 1257, 1258, 1260, 1261, 1262, 1264, 1265, 1266, 1267, 1307, 1308]</msg>
<msg timestamp="20230819 23:41:52.567" level="INFO">Retaining 18 glyphs</msg>
<msg timestamp="20230819 23:41:52.568" level="INFO">head subsetting not needed</msg>
<msg timestamp="20230819 23:41:52.568" level="INFO">hhea subsetting not needed</msg>
<msg timestamp="20230819 23:41:52.568" level="INFO">maxp subsetting not needed</msg>
<msg timestamp="20230819 23:41:52.568" level="INFO">OS/2 subsetting not needed</msg>
<msg timestamp="20230819 23:41:52.569" level="INFO">hmtx subsetted</msg>
<msg timestamp="20230819 23:41:52.571" level="INFO">cmap subsetted</msg>
<msg timestamp="20230819 23:41:52.571" level="INFO">loca subsetting not needed</msg>
<msg timestamp="20230819 23:41:52.572" level="INFO">post subsetted</msg>
<msg timestamp="20230819 23:41:52.572" level="INFO">name subsetting not needed</msg>
<msg timestamp="20230819 23:41:52.574" level="INFO">glyf subsetted</msg>
<msg timestamp="20230819 23:41:52.575" level="INFO">head pruned</msg>
<msg timestamp="20230819 23:41:52.575" level="INFO">OS/2 Unicode ranges pruned: [0]</msg>
<msg timestamp="20230819 23:41:52.576" level="INFO">glyf pruned</msg>
<msg timestamp="20230819 23:41:52.577" level="INFO">name pruned</msg>
<msg timestamp="20230819 23:41:52.602" level="INFO">c:\Users\saurabh.lawange\.vscode\extensions\robocorp.robotframework-lsp-1.9.0\src\robotframework_debug_adapter\run_robot__main__.py:662: DeprecationWarning: The HTMLMixin class is deprecated. Simply use the FPDF class as a replacement.
  exitcode = run_cli(robot_args, exit=False)</msg>
<status status="PASS" starttime="20230819 23:41:52.079" endtime="20230819 23:41:52.604"/>
</kw>
<return>
<value>${pdf_name}</value>
<status status="PASS" starttime="20230819 23:41:52.605" endtime="20230819 23:41:52.605"/>
</return>
<msg timestamp="20230819 23:41:52.606" level="INFO">${pdf} = c:\robocorp\l2/output/pdfs/1.pdf</msg>
<status status="PASS" starttime="20230819 23:41:52.036" endtime="20230819 23:41:52.606"/>
</kw>
<kw name="Take a screenshot of the robot">
<var>${screenshot}</var>
<arg>${order}[Order number]</arg>
<kw name="Log" library="BuiltIn">
<arg>saving screenshot</arg>
<doc>Logs the given message with the given level.</doc>
<msg timestamp="20230819 23:41:52.608" level="INFO">saving screenshot</msg>
<status status="PASS" starttime="20230819 23:41:52.607" endtime="20230819 23:41:52.608"/>
</kw>
<kw name="Wait Until Element Is Visible" library="RPA.Browser.Selenium">
<arg>alias:img_preview</arg>
<doc>Waits until the element ``locator`` is visible.</doc>
<status status="PASS" starttime="20230819 23:41:52.608" endtime="20230819 23:41:52.644"/>
</kw>
<kw name="Set Local Variable" library="BuiltIn">
<arg>${screenshot}</arg>
<arg>${imgs}/${order_num}.png</arg>
<doc>Makes a variable available everywhere within the local scope.</doc>
<msg timestamp="20230819 23:41:52.647" level="INFO">${screenshot} = c:\robocorp\l2/output/images/1.png</msg>
<status status="PASS" starttime="20230819 23:41:52.645" endtime="20230819 23:41:52.647"/>
</kw>
<kw name="Sleep" library="BuiltIn">
<arg>1sec</arg>
<doc>Pauses the test executed for the given time.</doc>
<msg timestamp="20230819 23:41:53.656" level="INFO">Slept 1 second</msg>
<status status="PASS" starttime="20230819 23:41:52.647" endtime="20230819 23:41:53.656"/>
</kw>
<kw name="Capture Element Screenshot" library="RPA.Browser.Selenium">
<arg>alias:img_preview</arg>
<arg>${screenshot}</arg>
<doc>Captures a screenshot from the element identified by ``locator`` and embeds it into log file.</doc>
<msg timestamp="20230819 23:41:53.853" level="INFO" html="true">&lt;/td&gt;&lt;/tr&gt;&lt;tr&gt;&lt;td colspan="3"&gt;&lt;a href="file:///C:/robocorp/l2/output/images/1.png"&gt;&lt;img src="file:///C:/robocorp/l2/output/images/1.png" width="400px"&gt;&lt;/a&gt;</msg>
<status status="PASS" starttime="20230819 23:41:53.657" endtime="20230819 23:41:53.854"/>
</kw>
<return>
<value>${screenshot}</value>
<status status="PASS" starttime="20230819 23:41:53.854" endtime="20230819 23:41:53.854"/>
</return>
<msg timestamp="20230819 23:41:53.855" level="INFO">${screenshot} = c:\robocorp\l2/output/images/1.png</msg>
<status status="PASS" starttime="20230819 23:41:52.606" endtime="20230819 23:41:53.855"/>
</kw>
<kw name="Embed the robot screenshot to the receipt PDF file">
<arg>${screenshot}</arg>
<arg>${pdf}</arg>
<kw name="Log" library="BuiltIn">
<arg>embedding screenshot in pdf</arg>
<doc>Logs the given message with the given level.</doc>
<msg timestamp="20230819 23:41:53.857" level="INFO">embedding screenshot in pdf</msg>
<status status="PASS" starttime="20230819 23:41:53.857" endtime="20230819 23:41:53.857"/>
</kw>
<kw name="Open Pdf" library="RPA.PDF">
<arg>${pdf}</arg>
<doc>Open a PDF document for reading.</doc>
<status status="PASS" starttime="20230819 23:41:53.858" endtime="20230819 23:41:53.863"/>
</kw>
<kw name="Create List" library="BuiltIn">
<var>@{file}</var>
<arg>${screenshot}</arg>
<doc>Returns a list containing given items.</doc>
<msg timestamp="20230819 23:41:53.864" level="INFO">@{file} = [ c:\robocorp\l2/output/images/1.png ]</msg>
<status status="PASS" starttime="20230819 23:41:53.863" endtime="20230819 23:41:53.864"/>
</kw>
<kw name="Add Files To Pdf" library="RPA.PDF">
<arg>${file}</arg>
<arg>${pdf}</arg>
<arg>${True}</arg>
<doc>Add images and/or pdfs to new PDF document.</doc>
<msg timestamp="20230819 23:41:53.868" level="INFO">Adding page: 0</msg>
<msg timestamp="20230819 23:41:53.880" level="INFO">File c:\robocorp\l2\output\images\1.png type: png</msg>
<msg timestamp="20230819 23:41:53.880" level="INFO">Image parameters: {}</msg>
<status status="PASS" starttime="20230819 23:41:53.865" endtime="20230819 23:41:53.996"/>
</kw>
<status status="PASS" starttime="20230819 23:41:53.856" endtime="20230819 23:41:53.996"/>
</kw>
<kw name="Click Button" library="RPA.Browser.Selenium">
<arg>alias:btn_orderanother</arg>
<doc>Clicks the button identified by ``locator``.</doc>
<msg timestamp="20230819 23:41:53.998" level="INFO">Clicking button 'alias:btn_orderanother'.</msg>
<status status="PASS" starttime="20230819 23:41:53.997" endtime="20230819 23:41:54.330"/>
</kw>
<status status="PASS" starttime="20230819 23:41:41.467" endtime="20230819 23:41:54.331"/>
</iter>
<iter>
<var name="${order}">{'Order number': '2', 'Head': '4', 'Body': '1', 'Legs': '5', 'Address': 'Address 456'}</var>
<kw name="Close the annoying modal">
<kw name="Log" library="BuiltIn">
<arg>close popup</arg>
<doc>Logs the given message with the given level.</doc>
<msg timestamp="20230819 23:41:54.333" level="INFO">close popup</msg>
<status status="PASS" starttime="20230819 23:41:54.332" endtime="20230819 23:41:54.333"/>
</kw>
<kw name="Wait And Click Button" library="RPA.Browser.Selenium">
<arg>alias:btn_yep</arg>
<doc>Click button identified by ``locator``, once it becomes visible.</doc>
<msg timestamp="20230819 23:41:54.371" level="INFO">Clicking button 'alias:btn_yep'.</msg>
<status status="PASS" starttime="20230819 23:41:54.334" endtime="20230819 23:41:54.455"/>
</kw>
<status status="PASS" starttime="20230819 23:41:54.332" endtime="20230819 23:41:54.456"/>
</kw>
<kw name="Fill the form">
<arg>${order}</arg>
<kw name="Log" library="BuiltIn">
<arg>filling the form</arg>
<doc>Logs the given message with the given level.</doc>
<msg timestamp="20230819 23:41:54.457" level="INFO">filling the form</msg>
<status status="PASS" starttime="20230819 23:41:54.457" endtime="20230819 23:41:54.458"/>
</kw>
<kw name="Select From List By Value" library="RPA.Browser.Selenium">
<arg>alias:dd_head</arg>
<arg>${order}[Head]</arg>
<doc>Selects options from selection list ``locator`` by ``values``.</doc>
<msg timestamp="20230819 23:41:54.459" level="INFO">Selecting options from selection list 'alias:dd_head' by value 4.</msg>
<status status="PASS" starttime="20230819 23:41:54.458" endtime="20230819 23:41:54.566"/>
</kw>
<kw name="Select Radio Button" library="RPA.Browser.Selenium">
<arg>body</arg>
<arg>${order}[Body]</arg>
<doc>Sets the radio button group ``group_name`` to ``value``.</doc>
<msg timestamp="20230819 23:41:54.567" level="INFO">Selecting '1' from radio button 'body'.</msg>
<status status="PASS" starttime="20230819 23:41:54.567" endtime="20230819 23:41:54.647"/>
</kw>
<kw name="Input Text" library="RPA.Browser.Selenium">
<arg>alias:in_legs</arg>
<arg>${order}[Legs]</arg>
<doc>Types the given ``text`` into the text field identified by ``locator``.</doc>
<msg timestamp="20230819 23:41:54.648" level="INFO">Typing text '5' into text field 'alias:in_legs'.</msg>
<status status="PASS" starttime="20230819 23:41:54.647" endtime="20230819 23:41:54.763"/>
</kw>
<kw name="Input Text" library="RPA.Browser.Selenium">
<arg>alias:in_address</arg>
<arg>${order}[Address]</arg>
<doc>Types the given ``text`` into the text field identified by ``locator``.</doc>
<msg timestamp="20230819 23:41:54.765" level="INFO">Typing text 'Address 456' into text field 'alias:in_address'.</msg>
<status status="PASS" starttime="20230819 23:41:54.764" endtime="20230819 23:41:54.896"/>
</kw>
<status status="PASS" starttime="20230819 23:41:54.456" endtime="20230819 23:41:54.897"/>
</kw>
<kw name="Wait Until Keyword Succeeds" library="BuiltIn">
<arg>4x</arg>
<arg>3s</arg>
<arg>Preview the robot</arg>
<doc>Runs the specified keyword and retries if it fails.</doc>
<kw name="Preview the robot">
<kw name="Log" library="BuiltIn">
<arg>previewing</arg>
<doc>Logs the given message with the given level.</doc>
<msg timestamp="20230819 23:41:54.899" level="INFO">previewing</msg>
<status status="PASS" starttime="20230819 23:41:54.898" endtime="20230819 23:41:54.899"/>
</kw>
<kw name="Click Button When Visible" library="RPA.Browser.Selenium">
<arg>alias:btn_preview</arg>
<doc>Click button identified by ``locator``, once it becomes visible.</doc>
<msg timestamp="20230819 23:41:54.931" level="INFO">Clicking button 'alias:btn_preview'.</msg>
<status status="PASS" starttime="20230819 23:41:54.899" endtime="20230819 23:41:55.029"/>
</kw>
<kw name="Wait Until Element Is Visible" library="RPA.Browser.Selenium">
<arg>alias:img_preview</arg>
<doc>Waits until the element ``locator`` is visible.</doc>
<status status="PASS" starttime="20230819 23:41:55.030" endtime="20230819 23:41:55.060"/>
</kw>
<status status="PASS" starttime="20230819 23:41:54.898" endtime="20230819 23:41:55.061"/>
</kw>
<status status="PASS" starttime="20230819 23:41:54.897" endtime="20230819 23:41:55.061"/>
</kw>
<kw name="Wait Until Keyword Succeeds" library="BuiltIn">
<arg>4x</arg>
<arg>3s</arg>
<arg>Submit The Order</arg>
<doc>Runs the specified keyword and retries if it fails.</doc>
<kw name="Submit the order">
<kw name="Log" library="BuiltIn">
<arg>submitting order</arg>
<doc>Logs the given message with the given level.</doc>
<msg timestamp="20230819 23:41:55.064" level="INFO">submitting order</msg>
<status status="PASS" starttime="20230819 23:41:55.063" endtime="20230819 23:41:55.064"/>
</kw>
<kw name="Mute Run On Failure" library="RPA.RobotLogListener">
<arg>Page Should Contain Element</arg>
<doc>Set keywords which should not execute `SeleniumLibrary`
default behaviour of running keyword on failure.</doc>
<kw name="Get Library Instance" library="BuiltIn">
<arg>RPA.Browser</arg>
<doc>Returns the currently active instance of the specified library.</doc>
<msg timestamp="20230819 23:41:55.066" level="FAIL">No library 'RPA.Browser' found.</msg>
<status status="FAIL" starttime="20230819 23:41:55.065" endtime="20230819 23:41:55.067"/>
</kw>
<kw name="Get Library Instance" library="BuiltIn">
<arg>RPA.Browser.Selenium</arg>
<doc>Returns the currently active instance of the specified library.</doc>
<status status="PASS" starttime="20230819 23:41:55.067" endtime="20230819 23:41:55.068"/>
</kw>
<status status="PASS" starttime="20230819 23:41:55.064" endtime="20230819 23:41:55.069"/>
</kw>
<kw name="Click Button" library="RPA.Browser.Selenium">
<arg>alias:btn_order</arg>
<doc>Clicks the button identified by ``locator``.</doc>
<msg timestamp="20230819 23:41:55.070" level="INFO">Clicking button 'alias:btn_order'.</msg>
<status status="PASS" starttime="20230819 23:41:55.069" endtime="20230819 23:41:55.172"/>
</kw>
<kw name="Page Should Contain Element" library="RPA.Browser.Selenium">
<arg>alias:img_receipt</arg>
<doc>Verifies that element ``locator`` is found on the current page.</doc>
<msg timestamp="20230819 23:41:55.173" level="INFO">No keyword will be run on failure.</msg>
<msg timestamp="20230819 23:41:55.173" level="INFO">No keyword will be run on failure.</msg>
<msg timestamp="20230819 23:41:55.173" level="INFO">No keyword will be run on failure.</msg>
<msg timestamp="20230819 23:41:55.173" level="INFO">No keyword will be run on failure.</msg>
<msg timestamp="20230819 23:41:55.173" level="INFO">No keyword will be run on failure.</msg>
<msg timestamp="20230819 23:41:55.192" level="INFO">Current page contains element 'alias:img_receipt'.</msg>
<status status="PASS" starttime="20230819 23:41:55.173" endtime="20230819 23:41:55.192"/>
</kw>
<status status="PASS" starttime="20230819 23:41:55.063" endtime="20230819 23:41:55.193"/>
</kw>
<status status="PASS" starttime="20230819 23:41:55.062" endtime="20230819 23:41:55.193"/>
</kw>
<kw name="Store the receipt as a PDF file">
<var>${pdf}</var>
<arg>${order}[Order number]</arg>
<kw name="Log" library="BuiltIn">
<arg>printing pdf for ${order_num}</arg>
<doc>Logs the given message with the given level.</doc>
<msg timestamp="20230819 23:41:55.195" level="INFO">printing pdf for 2</msg>
<status status="PASS" starttime="20230819 23:41:55.194" endtime="20230819 23:41:55.195"/>
</kw>
<kw name="Get Element Attribute" library="RPA.Browser.Selenium">
<var>${order_receipt_html}</var>
<arg>alias:img_receipt</arg>
<arg>attribute=outerHTML</arg>
<doc>Returns the value of ``attribute`` from the element ``locator``.</doc>
<msg timestamp="20230819 23:41:55.228" level="INFO">${order_receipt_html} = &lt;div id="receipt" class="alert alert-success" role="alert"&gt;&lt;h3&gt;Receipt&lt;/h3&gt;&lt;div&gt;2023-08-19T18:11:55.164Z&lt;/div&gt;&lt;p class="badge badge-success"&gt;RSB-ROBO-ORDER-CBDXSVA2Y8&lt;/p&gt;&lt;p&gt;Address 456&lt;/p&gt;&lt;div id="par...</msg>
<status status="PASS" starttime="20230819 23:41:55.196" endtime="20230819 23:41:55.229"/>
</kw>
<kw name="Set Local Variable" library="BuiltIn">
<arg>${pdf_name}</arg>
<arg>${pdfs}/${order_num}.pdf</arg>
<doc>Makes a variable available everywhere within the local scope.</doc>
<msg timestamp="20230819 23:41:55.231" level="INFO">${pdf_name} = c:\robocorp\l2/output/pdfs/2.pdf</msg>
<status status="PASS" starttime="20230819 23:41:55.229" endtime="20230819 23:41:55.232"/>
</kw>
<kw name="Html To Pdf" library="RPA.PDF">
<arg>content=${order_receipt_html}</arg>
<arg>output_path=${pdf_name}</arg>
<doc>Generate a PDF file from HTML content.</doc>
<msg timestamp="20230819 23:41:55.234" level="INFO">Writing output to file C:\robocorp\l2\output\pdfs\2.pdf</msg>
<msg timestamp="20230819 23:41:55.413" level="INFO">maxp pruned</msg>
<msg timestamp="20230819 23:41:55.414" level="INFO">cmap pruned</msg>
<msg timestamp="20230819 23:41:55.414" level="INFO">post pruned</msg>
<msg timestamp="20230819 23:41:55.415" level="INFO">GDEF dropped</msg>
<msg timestamp="20230819 23:41:55.415" level="INFO">GPOS dropped</msg>
<msg timestamp="20230819 23:41:55.415" level="INFO">GSUB dropped</msg>
<msg timestamp="20230819 23:41:55.422" level="INFO">glyf pruned</msg>
<msg timestamp="20230819 23:41:55.423" level="INFO">Added gid0 to subset</msg>
<msg timestamp="20230819 23:41:55.423" level="INFO">Added first four glyphs to subset</msg>
<msg timestamp="20230819 23:41:55.423" level="INFO">Closing glyph list over 'glyf': 58 glyphs before</msg>
<msg timestamp="20230819 23:41:55.424" level="INFO">Glyph names: ['.notdef', '.null', 'uni0020', 'uni0021', 'uni002D', 'uni002E', 'uni0030', 'uni0031', 'uni0032', 'uni0033', 'uni0034', 'uni0035', 'uni0036', 'uni0037', 'uni0038', 'uni0039', 'uni003A', 'uni0041', 'uni0042', 'uni0043', 'uni0044', 'uni0045', 'uni0048', 'uni004C', 'uni004F', 'uni0052', 'uni0053', 'uni0054', 'uni0056', 'uni0057', 'uni0058', 'uni0059', 'uni005A', 'uni0061', 'uni0062', 'uni0063', 'uni0064', 'uni0065', 'uni0066', 'uni0067', 'uni0068', 'uni0069', 'uni006B', 'uni006C', 'uni006D', 'uni006E', 'uni006F', 'uni0070', 'uni0072', 'uni0073', 'uni0074', 'uni0075', 'uni0076', 'uni0077', 'uni0079', 'uni007B', 'uni007D', 'uni00C4']</msg>
<msg timestamp="20230819 23:41:55.424" level="INFO">Glyph IDs:   [0, 1, 2, 3, 65, 73, 84, 95, 161, 280, 320, 382, 395, 409, 453, 456, 463, 469, 493, 504, 575, 582, 594, 612, 645, 650, 660, 679, 715, 723, 752, 759, 775, 827, 837, 867, 884, 899, 932, 936, 950, 1294, 1295, 1296, 1298, 1299, 1300, 1302, 1303, 1304, 1305, 1329, 1345, 1346, 1361, 1404, 1407, 1681]</msg>
<msg timestamp="20230819 23:41:55.426" level="INFO">Closed glyph list over 'glyf': 58 glyphs after</msg>
<msg timestamp="20230819 23:41:55.426" level="INFO">Glyph names: ['.notdef', '.null', 'uni0020', 'uni0021', 'uni002D', 'uni002E', 'uni0030', 'uni0031', 'uni0032', 'uni0033', 'uni0034', 'uni0035', 'uni0036', 'uni0037', 'uni0038', 'uni0039', 'uni003A', 'uni0041', 'uni0042', 'uni0043', 'uni0044', 'uni0045', 'uni0048', 'uni004C', 'uni004F', 'uni0052', 'uni0053', 'uni0054', 'uni0056', 'uni0057', 'uni0058', 'uni0059', 'uni005A', 'uni0061', 'uni0062', 'uni0063', 'uni0064', 'uni0065', 'uni0066', 'uni0067', 'uni0068', 'uni0069', 'uni006B', 'uni006C', 'uni006D', 'uni006E', 'uni006F', 'uni0070', 'uni0072', 'uni0073', 'uni0074', 'uni0075', 'uni0076', 'uni0077', 'uni0079', 'uni007B', 'uni007D', 'uni00C4']</msg>
<msg timestamp="20230819 23:41:55.427" level="INFO">Glyph IDs:   [0, 1, 2, 3, 65, 73, 84, 95, 161, 280, 320, 382, 395, 409, 453, 456, 463, 469, 493, 504, 575, 582, 594, 612, 645, 650, 660, 679, 715, 723, 752, 759, 775, 827, 837, 867, 884, 899, 932, 936, 950, 1294, 1295, 1296, 1298, 1299, 1300, 1302, 1303, 1304, 1305, 1329, 1345, 1346, 1361, 1404, 1407, 1681]</msg>
<msg timestamp="20230819 23:41:55.428" level="INFO">Retaining 58 glyphs</msg>
<msg timestamp="20230819 23:41:55.429" level="INFO">head subsetting not needed</msg>
<msg timestamp="20230819 23:41:55.430" level="INFO">hhea subsetting not needed</msg>
<msg timestamp="20230819 23:41:55.430" level="INFO">maxp subsetting not needed</msg>
<msg timestamp="20230819 23:41:55.431" level="INFO">OS/2 subsetting not needed</msg>
<msg timestamp="20230819 23:41:55.431" level="INFO">hmtx subsetted</msg>
<msg timestamp="20230819 23:41:55.434" level="INFO">cmap subsetted</msg>
<msg timestamp="20230819 23:41:55.434" level="INFO">prep subsetting not needed</msg>
<msg timestamp="20230819 23:41:55.435" level="INFO">loca subsetting not needed</msg>
<msg timestamp="20230819 23:41:55.435" level="INFO">post subsetted</msg>
<msg timestamp="20230819 23:41:55.435" level="INFO">gasp subsetting not needed</msg>
<msg timestamp="20230819 23:41:55.436" level="INFO">STAT subsetting not needed</msg>
<msg timestamp="20230819 23:41:55.436" level="INFO">name subsetting not needed</msg>
<msg timestamp="20230819 23:41:55.437" level="INFO">glyf subsetted</msg>
<msg timestamp="20230819 23:41:55.438" level="INFO">head pruned</msg>
<msg timestamp="20230819 23:41:55.439" level="INFO">OS/2 Unicode ranges pruned: [0]</msg>
<msg timestamp="20230819 23:41:55.441" level="INFO">glyf pruned</msg>
<msg timestamp="20230819 23:41:55.444" level="INFO">name pruned</msg>
<msg timestamp="20230819 23:41:55.479" level="INFO">maxp pruned</msg>
<msg timestamp="20230819 23:41:55.480" level="INFO">cmap pruned</msg>
<msg timestamp="20230819 23:41:55.480" level="INFO">post pruned</msg>
<msg timestamp="20230819 23:41:55.481" level="INFO">GDEF dropped</msg>
<msg timestamp="20230819 23:41:55.481" level="INFO">GPOS dropped</msg>
<msg timestamp="20230819 23:41:55.482" level="INFO">GSUB dropped</msg>
<msg timestamp="20230819 23:41:55.488" level="INFO">glyf pruned</msg>
<msg timestamp="20230819 23:41:55.489" level="INFO">Added gid0 to subset</msg>
<msg timestamp="20230819 23:41:55.490" level="INFO">Added first four glyphs to subset</msg>
<msg timestamp="20230819 23:41:55.490" level="INFO">Closing glyph list over 'glyf': 19 glyphs before</msg>
<msg timestamp="20230819 23:41:55.490" level="INFO">Glyph names: ['.notdef', '.null', 'uni0020', 'uni0030', 'uni0031', 'uni0032', 'uni0033', 'uni0034', 'uni0035', 'uni0036', 'uni0037', 'uni0038', 'uni0039', 'uni0041', 'uni0062', 'uni006E', 'uni007B', 'uni007D', 'uni00C4']</msg>
<msg timestamp="20230819 23:41:55.491" level="INFO">Glyph IDs:   [0, 1, 2, 3, 575, 759, 1294, 1295, 1296, 1298, 1299, 1300, 1302, 1303, 1304, 1305, 1345, 1346, 1681]</msg>
<msg timestamp="20230819 23:41:55.491" level="INFO">Closed glyph list over 'glyf': 19 glyphs after</msg>
<msg timestamp="20230819 23:41:55.491" level="INFO">Glyph names: ['.notdef', '.null', 'uni0020', 'uni0030', 'uni0031', 'uni0032', 'uni0033', 'uni0034', 'uni0035', 'uni0036', 'uni0037', 'uni0038', 'uni0039', 'uni0041', 'uni0062', 'uni006E', 'uni007B', 'uni007D', 'uni00C4']</msg>
<msg timestamp="20230819 23:41:55.492" level="INFO">Glyph IDs:   [0, 1, 2, 3, 575, 759, 1294, 1295, 1296, 1298, 1299, 1300, 1302, 1303, 1304, 1305, 1345, 1346, 1681]</msg>
<msg timestamp="20230819 23:41:55.493" level="INFO">Retaining 19 glyphs</msg>
<msg timestamp="20230819 23:41:55.494" level="INFO">head subsetting not needed</msg>
<msg timestamp="20230819 23:41:55.495" level="INFO">hhea subsetting not needed</msg>
<msg timestamp="20230819 23:41:55.495" level="INFO">maxp subsetting not needed</msg>
<msg timestamp="20230819 23:41:55.495" level="INFO">OS/2 subsetting not needed</msg>
<msg timestamp="20230819 23:41:55.496" level="INFO">hmtx subsetted</msg>
<msg timestamp="20230819 23:41:55.498" level="INFO">cmap subsetted</msg>
<msg timestamp="20230819 23:41:55.499" level="INFO">prep subsetting not needed</msg>
<msg timestamp="20230819 23:41:55.499" level="INFO">loca subsetting not needed</msg>
<msg timestamp="20230819 23:41:55.500" level="INFO">post subsetted</msg>
<msg timestamp="20230819 23:41:55.500" level="INFO">gasp subsetting not needed</msg>
<msg timestamp="20230819 23:41:55.501" level="INFO">STAT subsetting not needed</msg>
<msg timestamp="20230819 23:41:55.501" level="INFO">name subsetting not needed</msg>
<msg timestamp="20230819 23:41:55.502" level="INFO">glyf subsetted</msg>
<msg timestamp="20230819 23:41:55.503" level="INFO">head pruned</msg>
<msg timestamp="20230819 23:41:55.503" level="INFO">OS/2 Unicode ranges pruned: [0]</msg>
<msg timestamp="20230819 23:41:55.504" level="INFO">glyf pruned</msg>
<msg timestamp="20230819 23:41:55.506" level="INFO">name pruned</msg>
<msg timestamp="20230819 23:41:55.523" level="INFO">maxp pruned</msg>
<msg timestamp="20230819 23:41:55.524" level="INFO">cmap pruned</msg>
<msg timestamp="20230819 23:41:55.524" level="INFO">post pruned</msg>
<msg timestamp="20230819 23:41:55.524" level="INFO">GDEF dropped</msg>
<msg timestamp="20230819 23:41:55.525" level="INFO">GPOS dropped</msg>
<msg timestamp="20230819 23:41:55.525" level="INFO">GSUB dropped</msg>
<msg timestamp="20230819 23:41:55.534" level="INFO">glyf pruned</msg>
<msg timestamp="20230819 23:41:55.546" level="INFO">Added gid0 to subset</msg>
<msg timestamp="20230819 23:41:55.547" level="INFO">Added first four glyphs to subset</msg>
<msg timestamp="20230819 23:41:55.547" level="INFO">Closing glyph list over 'glyf': 18 glyphs before</msg>
<msg timestamp="20230819 23:41:55.548" level="INFO">Glyph names: ['.notdef', '.null', 'uni0020', 'uni0030', 'uni0031', 'uni0032', 'uni0033', 'uni0034', 'uni0035', 'uni0036', 'uni0037', 'uni0038', 'uni0039', 'uni0062', 'uni006E', 'uni007B', 'uni007D', 'uni00A0']</msg>
<msg timestamp="20230819 23:41:55.548" level="INFO">Glyph IDs:   [0, 1, 2, 3, 544, 727, 1256, 1257, 1258, 1260, 1261, 1262, 1264, 1265, 1266, 1267, 1307, 1308]</msg>
<msg timestamp="20230819 23:41:55.549" level="INFO">Closed glyph list over 'glyf': 18 glyphs after</msg>
<msg timestamp="20230819 23:41:55.549" level="INFO">Glyph names: ['.notdef', '.null', 'uni0020', 'uni0030', 'uni0031', 'uni0032', 'uni0033', 'uni0034', 'uni0035', 'uni0036', 'uni0037', 'uni0038', 'uni0039', 'uni0062', 'uni006E', 'uni007B', 'uni007D', 'uni00A0']</msg>
<msg timestamp="20230819 23:41:55.550" level="INFO">Glyph IDs:   [0, 1, 2, 3, 544, 727, 1256, 1257, 1258, 1260, 1261, 1262, 1264, 1265, 1266, 1267, 1307, 1308]</msg>
<msg timestamp="20230819 23:41:55.551" level="INFO">Retaining 18 glyphs</msg>
<msg timestamp="20230819 23:41:55.554" level="INFO">head subsetting not needed</msg>
<msg timestamp="20230819 23:41:55.554" level="INFO">hhea subsetting not needed</msg>
<msg timestamp="20230819 23:41:55.555" level="INFO">maxp subsetting not needed</msg>
<msg timestamp="20230819 23:41:55.555" level="INFO">OS/2 subsetting not needed</msg>
<msg timestamp="20230819 23:41:55.556" level="INFO">hmtx subsetted</msg>
<msg timestamp="20230819 23:41:55.559" level="INFO">cmap subsetted</msg>
<msg timestamp="20230819 23:41:55.559" level="INFO">loca subsetting not needed</msg>
<msg timestamp="20230819 23:41:55.560" level="INFO">post subsetted</msg>
<msg timestamp="20230819 23:41:55.560" level="INFO">name subsetting not needed</msg>
<msg timestamp="20230819 23:41:55.562" level="INFO">glyf subsetted</msg>
<msg timestamp="20230819 23:41:55.563" level="INFO">head pruned</msg>
<msg timestamp="20230819 23:41:55.564" level="INFO">OS/2 Unicode ranges pruned: [0]</msg>
<msg timestamp="20230819 23:41:55.565" level="INFO">glyf pruned</msg>
<msg timestamp="20230819 23:41:55.567" level="INFO">name pruned</msg>
<msg timestamp="20230819 23:41:55.592" level="INFO">maxp pruned</msg>
<msg timestamp="20230819 23:41:55.593" level="INFO">cmap pruned</msg>
<msg timestamp="20230819 23:41:55.594" level="INFO">post pruned</msg>
<msg timestamp="20230819 23:41:55.594" level="INFO">GDEF dropped</msg>
<msg timestamp="20230819 23:41:55.595" level="INFO">GPOS dropped</msg>
<msg timestamp="20230819 23:41:55.595" level="INFO">GSUB dropped</msg>
<msg timestamp="20230819 23:41:55.604" level="INFO">glyf pruned</msg>
<msg timestamp="20230819 23:41:55.613" level="INFO">Added gid0 to subset</msg>
<msg timestamp="20230819 23:41:55.613" level="INFO">Added first four glyphs to subset</msg>
<msg timestamp="20230819 23:41:55.614" level="INFO">Closing glyph list over 'glyf': 18 glyphs before</msg>
<msg timestamp="20230819 23:41:55.614" level="INFO">Glyph names: ['.notdef', '.null', 'uni0020', 'uni0030', 'uni0031', 'uni0032', 'uni0033', 'uni0034', 'uni0035', 'uni0036', 'uni0037', 'uni0038', 'uni0039', 'uni0062', 'uni006E', 'uni007B', 'uni007D', 'uni00A0']</msg>
<msg timestamp="20230819 23:41:55.615" level="INFO">Glyph IDs:   [0, 1, 2, 3, 544, 727, 1256, 1257, 1258, 1260, 1261, 1262, 1264, 1265, 1266, 1267, 1307, 1308]</msg>
<msg timestamp="20230819 23:41:55.615" level="INFO">Closed glyph list over 'glyf': 18 glyphs after</msg>
<msg timestamp="20230819 23:41:55.616" level="INFO">Glyph names: ['.notdef', '.null', 'uni0020', 'uni0030', 'uni0031', 'uni0032', 'uni0033', 'uni0034', 'uni0035', 'uni0036', 'uni0037', 'uni0038', 'uni0039', 'uni0062', 'uni006E', 'uni007B', 'uni007D', 'uni00A0']</msg>
<msg timestamp="20230819 23:41:55.616" level="INFO">Glyph IDs:   [0, 1, 2, 3, 544, 727, 1256, 1257, 1258, 1260, 1261, 1262, 1264, 1265, 1266, 1267, 1307, 1308]</msg>
<msg timestamp="20230819 23:41:55.617" level="INFO">Retaining 18 glyphs</msg>
<msg timestamp="20230819 23:41:55.617" level="INFO">head subsetting not needed</msg>
<msg timestamp="20230819 23:41:55.618" level="INFO">hhea subsetting not needed</msg>
<msg timestamp="20230819 23:41:55.618" level="INFO">maxp subsetting not needed</msg>
<msg timestamp="20230819 23:41:55.618" level="INFO">OS/2 subsetting not needed</msg>
<msg timestamp="20230819 23:41:55.619" level="INFO">hmtx subsetted</msg>
<msg timestamp="20230819 23:41:55.620" level="INFO">cmap subsetted</msg>
<msg timestamp="20230819 23:41:55.621" level="INFO">loca subsetting not needed</msg>
<msg timestamp="20230819 23:41:55.621" level="INFO">post subsetted</msg>
<msg timestamp="20230819 23:41:55.621" level="INFO">name subsetting not needed</msg>
<msg timestamp="20230819 23:41:55.623" level="INFO">glyf subsetted</msg>
<msg timestamp="20230819 23:41:55.624" level="INFO">head pruned</msg>
<msg timestamp="20230819 23:41:55.624" level="INFO">OS/2 Unicode ranges pruned: [0]</msg>
<msg timestamp="20230819 23:41:55.625" level="INFO">glyf pruned</msg>
<msg timestamp="20230819 23:41:55.626" level="INFO">name pruned</msg>
<status status="PASS" starttime="20230819 23:41:55.232" endtime="20230819 23:41:55.655"/>
</kw>
<return>
<value>${pdf_name}</value>
<status status="PASS" starttime="20230819 23:41:55.656" endtime="20230819 23:41:55.656"/>
</return>
<msg timestamp="20230819 23:41:55.658" level="INFO">${pdf} = c:\robocorp\l2/output/pdfs/2.pdf</msg>
<status status="PASS" starttime="20230819 23:41:55.193" endtime="20230819 23:41:55.658"/>
</kw>
<kw name="Take a screenshot of the robot">
<var>${screenshot}</var>
<arg>${order}[Order number]</arg>
<kw name="Log" library="BuiltIn">
<arg>saving screenshot</arg>
<doc>Logs the given message with the given level.</doc>
<msg timestamp="20230819 23:41:55.662" level="INFO">saving screenshot</msg>
<status status="PASS" starttime="20230819 23:41:55.661" endtime="20230819 23:41:55.663"/>
</kw>
<kw name="Wait Until Element Is Visible" library="RPA.Browser.Selenium">
<arg>alias:img_preview</arg>
<doc>Waits until the element ``locator`` is visible.</doc>
<status status="PASS" starttime="20230819 23:41:55.664" endtime="20230819 23:41:55.699"/>
</kw>
<kw name="Set Local Variable" library="BuiltIn">
<arg>${screenshot}</arg>
<arg>${imgs}/${order_num}.png</arg>
<doc>Makes a variable available everywhere within the local scope.</doc>
<msg timestamp="20230819 23:41:55.702" level="INFO">${screenshot} = c:\robocorp\l2/output/images/2.png</msg>
<status status="PASS" starttime="20230819 23:41:55.699" endtime="20230819 23:41:55.702"/>
</kw>
<kw name="Sleep" library="BuiltIn">
<arg>1sec</arg>
<doc>Pauses the test executed for the given time.</doc>
<msg timestamp="20230819 23:41:56.714" level="INFO">Slept 1 second</msg>
<status status="PASS" starttime="20230819 23:41:55.703" endtime="20230819 23:41:56.714"/>
</kw>
<kw name="Capture Element Screenshot" library="RPA.Browser.Selenium">
<arg>alias:img_preview</arg>
<arg>${screenshot}</arg>
<doc>Captures a screenshot from the element identified by ``locator`` and embeds it into log file.</doc>
<msg timestamp="20230819 23:41:56.823" level="INFO" html="true">&lt;/td&gt;&lt;/tr&gt;&lt;tr&gt;&lt;td colspan="3"&gt;&lt;a href="file:///C:/robocorp/l2/output/images/2.png"&gt;&lt;img src="file:///C:/robocorp/l2/output/images/2.png" width="400px"&gt;&lt;/a&gt;</msg>
<status status="PASS" starttime="20230819 23:41:56.715" endtime="20230819 23:41:56.823"/>
</kw>
<return>
<value>${screenshot}</value>
<status status="PASS" starttime="20230819 23:41:56.824" endtime="20230819 23:41:56.824"/>
</return>
<msg timestamp="20230819 23:41:56.826" level="INFO">${screenshot} = c:\robocorp\l2/output/images/2.png</msg>
<status status="PASS" starttime="20230819 23:41:55.659" endtime="20230819 23:41:56.826"/>
</kw>
<kw name="Embed the robot screenshot to the receipt PDF file">
<arg>${screenshot}</arg>
<arg>${pdf}</arg>
<kw name="Log" library="BuiltIn">
<arg>embedding screenshot in pdf</arg>
<doc>Logs the given message with the given level.</doc>
<msg timestamp="20230819 23:41:56.829" level="INFO">embedding screenshot in pdf</msg>
<status status="PASS" starttime="20230819 23:41:56.829" endtime="20230819 23:41:56.830"/>
</kw>
<kw name="Open Pdf" library="RPA.PDF">
<arg>${pdf}</arg>
<doc>Open a PDF document for reading.</doc>
<status status="PASS" starttime="20230819 23:41:56.830" endtime="20230819 23:41:56.835"/>
</kw>
<kw name="Create List" library="BuiltIn">
<var>@{file}</var>
<arg>${screenshot}</arg>
<doc>Returns a list containing given items.</doc>
<msg timestamp="20230819 23:41:56.836" level="INFO">@{file} = [ c:\robocorp\l2/output/images/2.png ]</msg>
<status status="PASS" starttime="20230819 23:41:56.835" endtime="20230819 23:41:56.837"/>
</kw>
<kw name="Add Files To Pdf" library="RPA.PDF">
<arg>${file}</arg>
<arg>${pdf}</arg>
<arg>${True}</arg>
<doc>Add images and/or pdfs to new PDF document.</doc>
<msg timestamp="20230819 23:41:56.843" level="INFO">Adding page: 0</msg>
<msg timestamp="20230819 23:41:56.855" level="INFO">File c:\robocorp\l2\output\images\2.png type: png</msg>
<msg timestamp="20230819 23:41:56.856" level="INFO">Image parameters: {}</msg>
<status status="PASS" starttime="20230819 23:41:56.838" endtime="20230819 23:41:56.877"/>
</kw>
<status status="PASS" starttime="20230819 23:41:56.827" endtime="20230819 23:41:56.877"/>
</kw>
<kw name="Click Button" library="RPA.Browser.Selenium">
<arg>alias:btn_orderanother</arg>
<doc>Clicks the button identified by ``locator``.</doc>
<msg timestamp="20230819 23:41:56.878" level="INFO">Clicking button 'alias:btn_orderanother'.</msg>
<status status="PASS" starttime="20230819 23:41:56.878" endtime="20230819 23:41:57.197"/>
</kw>
<status status="PASS" starttime="20230819 23:41:54.331" endtime="20230819 23:41:57.198"/>
</iter>
<iter>
<var name="${order}">{'Order number': '3', 'Head': '6', 'Body': '2', 'Legs': '3', 'Address': 'Address 789'}</var>
<kw name="Close the annoying modal">
<kw name="Log" library="BuiltIn">
<arg>close popup</arg>
<doc>Logs the given message with the given level.</doc>
<msg timestamp="20230819 23:41:57.200" level="INFO">close popup</msg>
<status status="PASS" starttime="20230819 23:41:57.200" endtime="20230819 23:41:57.201"/>
</kw>
<kw name="Wait And Click Button" library="RPA.Browser.Selenium">
<arg>alias:btn_yep</arg>
<doc>Click button identified by ``locator``, once it becomes visible.</doc>
<msg timestamp="20230819 23:41:57.240" level="INFO">Clicking button 'alias:btn_yep'.</msg>
<status status="PASS" starttime="20230819 23:41:57.201" endtime="20230819 23:41:57.331"/>
</kw>
<status status="PASS" starttime="20230819 23:41:57.199" endtime="20230819 23:41:57.332"/>
</kw>
<kw name="Fill the form">
<arg>${order}</arg>
<kw name="Log" library="BuiltIn">
<arg>filling the form</arg>
<doc>Logs the given message with the given level.</doc>
<msg timestamp="20230819 23:41:57.333" level="INFO">filling the form</msg>
<status status="PASS" starttime="20230819 23:41:57.333" endtime="20230819 23:41:57.333"/>
</kw>
<kw name="Select From List By Value" library="RPA.Browser.Selenium">
<arg>alias:dd_head</arg>
<arg>${order}[Head]</arg>
<doc>Selects options from selection list ``locator`` by ``values``.</doc>
<msg timestamp="20230819 23:41:57.335" level="INFO">Selecting options from selection list 'alias:dd_head' by value 6.</msg>
<status status="PASS" starttime="20230819 23:41:57.335" endtime="20230819 23:41:57.446"/>
</kw>
<kw name="Select Radio Button" library="RPA.Browser.Selenium">
<arg>body</arg>
<arg>${order}[Body]</arg>
<doc>Sets the radio button group ``group_name`` to ``value``.</doc>
<msg timestamp="20230819 23:41:57.447" level="INFO">Selecting '2' from radio button 'body'.</msg>
<status status="PASS" starttime="20230819 23:41:57.447" endtime="20230819 23:41:57.528"/>
</kw>
<kw name="Input Text" library="RPA.Browser.Selenium">
<arg>alias:in_legs</arg>
<arg>${order}[Legs]</arg>
<doc>Types the given ``text`` into the text field identified by ``locator``.</doc>
<msg timestamp="20230819 23:41:57.529" level="INFO">Typing text '3' into text field 'alias:in_legs'.</msg>
<status status="PASS" starttime="20230819 23:41:57.528" endtime="20230819 23:41:57.650"/>
</kw>
<kw name="Input Text" library="RPA.Browser.Selenium">
<arg>alias:in_address</arg>
<arg>${order}[Address]</arg>
<doc>Types the given ``text`` into the text field identified by ``locator``.</doc>
<msg timestamp="20230819 23:41:57.652" level="INFO">Typing text 'Address 789' into text field 'alias:in_address'.</msg>
<status status="PASS" starttime="20230819 23:41:57.651" endtime="20230819 23:41:57.790"/>
</kw>
<status status="PASS" starttime="20230819 23:41:57.332" endtime="20230819 23:41:57.791"/>
</kw>
<kw name="Wait Until Keyword Succeeds" library="BuiltIn">
<arg>4x</arg>
<arg>3s</arg>
<arg>Preview the robot</arg>
<doc>Runs the specified keyword and retries if it fails.</doc>
<kw name="Preview the robot">
<kw name="Log" library="BuiltIn">
<arg>previewing</arg>
<doc>Logs the given message with the given level.</doc>
<msg timestamp="20230819 23:41:57.793" level="INFO">previewing</msg>
<status status="PASS" starttime="20230819 23:41:57.793" endtime="20230819 23:41:57.793"/>
</kw>
<kw name="Click Button When Visible" library="RPA.Browser.Selenium">
<arg>alias:btn_preview</arg>
<doc>Click button identified by ``locator``, once it becomes visible.</doc>
<msg timestamp="20230819 23:41:57.824" level="INFO">Clicking button 'alias:btn_preview'.</msg>
<status status="PASS" starttime="20230819 23:41:57.794" endtime="20230819 23:41:57.925"/>
</kw>
<kw name="Wait Until Element Is Visible" library="RPA.Browser.Selenium">
<arg>alias:img_preview</arg>
<doc>Waits until the element ``locator`` is visible.</doc>
<status status="PASS" starttime="20230819 23:41:57.926" endtime="20230819 23:41:57.959"/>
</kw>
<status status="PASS" starttime="20230819 23:41:57.792" endtime="20230819 23:41:57.960"/>
</kw>
<status status="PASS" starttime="20230819 23:41:57.791" endtime="20230819 23:41:57.960"/>
</kw>
<kw name="Wait Until Keyword Succeeds" library="BuiltIn">
<arg>4x</arg>
<arg>3s</arg>
<arg>Submit The Order</arg>
<doc>Runs the specified keyword and retries if it fails.</doc>
<kw name="Submit the order">
<kw name="Log" library="BuiltIn">
<arg>submitting order</arg>
<doc>Logs the given message with the given level.</doc>
<msg timestamp="20230819 23:41:57.962" level="INFO">submitting order</msg>
<status status="PASS" starttime="20230819 23:41:57.962" endtime="20230819 23:41:57.962"/>
</kw>
<kw name="Mute Run On Failure" library="RPA.RobotLogListener">
<arg>Page Should Contain Element</arg>
<doc>Set keywords which should not execute `SeleniumLibrary`
default behaviour of running keyword on failure.</doc>
<kw name="Get Library Instance" library="BuiltIn">
<arg>RPA.Browser</arg>
<doc>Returns the currently active instance of the specified library.</doc>
<msg timestamp="20230819 23:41:57.965" level="FAIL">No library 'RPA.Browser' found.</msg>
<status status="FAIL" starttime="20230819 23:41:57.964" endtime="20230819 23:41:57.966"/>
</kw>
<kw name="Get Library Instance" library="BuiltIn">
<arg>RPA.Browser.Selenium</arg>
<doc>Returns the currently active instance of the specified library.</doc>
<status status="PASS" starttime="20230819 23:41:57.967" endtime="20230819 23:41:57.967"/>
</kw>
<status status="PASS" starttime="20230819 23:41:57.963" endtime="20230819 23:41:57.968"/>
</kw>
<kw name="Click Button" library="RPA.Browser.Selenium">
<arg>alias:btn_order</arg>
<doc>Clicks the button identified by ``locator``.</doc>
<msg timestamp="20230819 23:41:57.969" level="INFO">Clicking button 'alias:btn_order'.</msg>
<status status="PASS" starttime="20230819 23:41:57.968" endtime="20230819 23:41:58.073"/>
</kw>
<kw name="Page Should Contain Element" library="RPA.Browser.Selenium">
<arg>alias:img_receipt</arg>
<doc>Verifies that element ``locator`` is found on the current page.</doc>
<msg timestamp="20230819 23:41:58.074" level="INFO">No keyword will be run on failure.</msg>
<msg timestamp="20230819 23:41:58.075" level="INFO">No keyword will be run on failure.</msg>
<msg timestamp="20230819 23:41:58.075" level="INFO">No keyword will be run on failure.</msg>
<msg timestamp="20230819 23:41:58.075" level="INFO">No keyword will be run on failure.</msg>
<msg timestamp="20230819 23:41:58.075" level="INFO">No keyword will be run on failure.</msg>
<msg timestamp="20230819 23:41:58.075" level="INFO">No keyword will be run on failure.</msg>
<msg timestamp="20230819 23:41:58.092" level="INFO">Current page contains element 'alias:img_receipt'.</msg>
<status status="PASS" starttime="20230819 23:41:58.074" endtime="20230819 23:41:58.092"/>
</kw>
<status status="PASS" starttime="20230819 23:41:57.961" endtime="20230819 23:41:58.094"/>
</kw>
<status status="PASS" starttime="20230819 23:41:57.960" endtime="20230819 23:41:58.094"/>
</kw>
<kw name="Store the receipt as a PDF file">
<var>${pdf}</var>
<arg>${order}[Order number]</arg>
<kw name="Log" library="BuiltIn">
<arg>printing pdf for ${order_num}</arg>
<doc>Logs the given message with the given level.</doc>
<msg timestamp="20230819 23:41:58.096" level="INFO">printing pdf for 3</msg>
<status status="PASS" starttime="20230819 23:41:58.096" endtime="20230819 23:41:58.096"/>
</kw>
<kw name="Get Element Attribute" library="RPA.Browser.Selenium">
<var>${order_receipt_html}</var>
<arg>alias:img_receipt</arg>
<arg>attribute=outerHTML</arg>
<doc>Returns the value of ``attribute`` from the element ``locator``.</doc>
<msg timestamp="20230819 23:41:58.126" level="INFO">${order_receipt_html} = &lt;div id="receipt" class="alert alert-success" role="alert"&gt;&lt;h3&gt;Receipt&lt;/h3&gt;&lt;div&gt;2023-08-19T18:11:58.065Z&lt;/div&gt;&lt;p class="badge badge-success"&gt;RSB-ROBO-ORDER-P75HEEBFIG&lt;/p&gt;&lt;p&gt;Address 789&lt;/p&gt;&lt;div id="par...</msg>
<status status="PASS" starttime="20230819 23:41:58.097" endtime="20230819 23:41:58.126"/>
</kw>
<kw name="Set Local Variable" library="BuiltIn">
<arg>${pdf_name}</arg>
<arg>${pdfs}/${order_num}.pdf</arg>
<doc>Makes a variable available everywhere within the local scope.</doc>
<msg timestamp="20230819 23:41:58.129" level="INFO">${pdf_name} = c:\robocorp\l2/output/pdfs/3.pdf</msg>
<status status="PASS" starttime="20230819 23:41:58.127" endtime="20230819 23:41:58.129"/>
</kw>
<kw name="Html To Pdf" library="RPA.PDF">
<arg>content=${order_receipt_html}</arg>
<arg>output_path=${pdf_name}</arg>
<doc>Generate a PDF file from HTML content.</doc>
<msg timestamp="20230819 23:41:58.176" level="INFO">Writing output to file C:\robocorp\l2\output\pdfs\3.pdf</msg>
<msg timestamp="20230819 23:41:58.354" level="INFO">maxp pruned</msg>
<msg timestamp="20230819 23:41:58.354" level="INFO">cmap pruned</msg>
<msg timestamp="20230819 23:41:58.355" level="INFO">post pruned</msg>
<msg timestamp="20230819 23:41:58.355" level="INFO">GDEF dropped</msg>
<msg timestamp="20230819 23:41:58.355" level="INFO">GPOS dropped</msg>
<msg timestamp="20230819 23:41:58.356" level="INFO">GSUB dropped</msg>
<msg timestamp="20230819 23:41:58.362" level="INFO">glyf pruned</msg>
<msg timestamp="20230819 23:41:58.363" level="INFO">Added gid0 to subset</msg>
<msg timestamp="20230819 23:41:58.364" level="INFO">Added first four glyphs to subset</msg>
<msg timestamp="20230819 23:41:58.364" level="INFO">Closing glyph list over 'glyf': 59 glyphs before</msg>
<msg timestamp="20230819 23:41:58.364" level="INFO">Glyph names: ['.notdef', '.null', 'uni0020', 'uni0021', 'uni002D', 'uni002E', 'uni0030', 'uni0031', 'uni0032', 'uni0033', 'uni0034', 'uni0035', 'uni0036', 'uni0037', 'uni0038', 'uni0039', 'uni003A', 'uni0041', 'uni0042', 'uni0044', 'uni0045', 'uni0046', 'uni0047', 'uni0048', 'uni0049', 'uni004C', 'uni004F', 'uni0050', 'uni0052', 'uni0053', 'uni0054', 'uni0057', 'uni0059', 'uni005A', 'uni0061', 'uni0062', 'uni0063', 'uni0064', 'uni0065', 'uni0066', 'uni0067', 'uni0068', 'uni0069', 'uni006B', 'uni006C', 'uni006D', 'uni006E', 'uni006F', 'uni0070', 'uni0072', 'uni0073', 'uni0074', 'uni0075', 'uni0076', 'uni0077', 'uni0079', 'uni007B', 'uni007D', 'uni00C4']</msg>
<msg timestamp="20230819 23:41:58.365" level="INFO">Glyph IDs:   [0, 1, 2, 3, 65, 84, 95, 137, 141, 161, 197, 280, 320, 374, 382, 395, 409, 456, 469, 493, 504, 575, 582, 594, 612, 645, 650, 660, 679, 715, 723, 752, 759, 775, 827, 837, 867, 884, 899, 932, 936, 950, 1294, 1295, 1296, 1298, 1299, 1300, 1302, 1303, 1304, 1305, 1329, 1345, 1346, 1361, 1404, 1407, 1681]</msg>
<msg timestamp="20230819 23:41:58.365" level="INFO">Closed glyph list over 'glyf': 59 glyphs after</msg>
[...]
</kw>
<kw name="Html To Pdf" library="RPA.PDF">
<arg>content=${order_receipt_html}</arg>
<arg>output_path=${pdf_name}</arg>
<doc>Generate a PDF file from HTML content.</doc>
<msg timestamp="20230819 23:43:04.596" level="INFO">Writing output to file C:\robocorp\l2\output\pdfs\20.pdf</msg>
<msg timestamp="20230819 23:43:04.770" level="INFO">maxp pruned</msg>
<msg timestamp="20230819 23:43:04.770" level="INFO">cmap pruned</msg>
<msg timestamp="20230819 23:43:04.771" level="INFO">post pruned</msg>
<msg timestamp="20230819 23:43:04.771" level="INFO">GDEF dropped</msg>
<msg timestamp="20230819 23:43:04.772" level="INFO">GPOS dropped</msg>
<msg timestamp="20230819 23:43:04.772" level="INFO">GSUB dropped</msg>
<msg timestamp="20230819 23:43:04.778" level="INFO">glyf pruned</msg>
<msg timestamp="20230819 23:43:04.778" level="INFO">Added gid0 to subset</msg>
<msg timestamp="20230819 23:43:04.779" level="INFO">Added first four glyphs to subset</msg>
<msg timestamp="20230819 23:43:04.779" level="INFO">Closing glyph list over 'glyf': 55 glyphs before</msg>
<msg timestamp="20230819 23:43:04.779" level="INFO">Glyph names: ['.notdef', '.null', 'uni0020', 'uni0021', 'uni002D', 'uni002E', 'uni0030', 'uni0031', 'uni0032', 'uni0033', 'uni0034', 'uni0035', 'uni0036', 'uni0037', 'uni0038', 'uni0039', 'uni003A', 'uni0041', 'uni0042', 'uni0044', 'uni0045', 'uni0048', 'uni004C', 'uni004F', 'uni0052', 'uni0053', 'uni0054', 'uni0057', 'uni0059', 'uni005A', 'uni0061', 'uni0062', 'uni0063', 'uni0064', 'uni0065', 'uni0066', 'uni0067', 'uni0068', 'uni0069', 'uni006B', 'uni006C', 'uni006D', 'uni006E', 'uni006F', 'uni0070', 'uni0072', 'uni0073', 'uni0074', 'uni0075', 'uni0076', 'uni0077', 'uni0079', 'uni007B', 'uni007D', 'uni00C4']</msg>
<msg timestamp="20230819 23:43:04.780" level="INFO">Glyph IDs:   [0, 1, 2, 3, 65, 84, 95, 161, 280, 320, 382, 395, 409, 456, 469, 493, 504, 575, 582, 594, 612, 645, 650, 660, 679, 715, 723, 752, 759, 775, 827, 837, 867, 884, 899, 932, 936, 950, 1294, 1295, 1296, 1298, 1299, 1300, 1302, 1303, 1304, 1305, 1329, 1345, 1346, 1361, 1404, 1407, 1681]</msg>
<msg timestamp="20230819 23:43:04.781" level="INFO">Closed glyph list over 'glyf': 55 glyphs after</msg>
<msg timestamp="20230819 23:43:04.781" level="INFO">Glyph names: ['.notdef', '.null', 'uni0020', 'uni0021', 'uni002D', 'uni002E', 'uni0030', 'uni0031', 'uni0032', 'uni0033', 'uni0034', 'uni0035', 'uni0036', 'uni0037', 'uni0038', 'uni0039', 'uni003A', 'uni0041', 'uni0042', 'uni0044', 'uni0045', 'uni0048', 'uni004C', 'uni004F', 'uni0052', 'uni0053', 'uni0054', 'uni0057', 'uni0059', 'uni005A', 'uni0061', 'uni0062', 'uni0063', 'uni0064', 'uni0065', 'uni0066', 'uni0067', 'uni0068', 'uni0069', 'uni006B', 'uni006C', 'uni006D', 'uni006E', 'uni006F', 'uni0070', 'uni0072', 'uni0073', 'uni0074', 'uni0075', 'uni0076', 'uni0077', 'uni0079', 'uni007B', 'uni007D', 'uni00C4']</msg>
<msg timestamp="20230819 23:43:04.782" level="INFO">Glyph IDs:   [0, 1, 2, 3, 65, 84, 95, 161, 280, 320, 382, 395, 409, 456, 469, 493, 504, 575, 582, 594, 612, 645, 650, 660, 679, 715, 723, 752, 759, 775, 827, 837, 867, 884, 899, 932, 936, 950, 1294, 1295, 1296, 1298, 1299, 1300, 1302, 1303, 1304, 1305, 1329, 1345, 1346, 1361, 1404, 1407, 1681]</msg>
<msg timestamp="20230819 23:43:04.783" level="INFO">Retaining 55 glyphs</msg>
<msg timestamp="20230819 23:43:04.784" level="INFO">head subsetting not needed</msg>
<msg timestamp="20230819 23:43:04.784" level="INFO">hhea subsetting not needed</msg>
<msg timestamp="20230819 23:43:04.784" level="INFO">maxp subsetting not needed</msg>
<msg timestamp="20230819 23:43:04.784" level="INFO">OS/2 subsetting not needed</msg>
<msg timestamp="20230819 23:43:04.785" level="INFO">hmtx subsetted</msg>
<msg timestamp="20230819 23:43:04.788" level="INFO">cmap subsetted</msg>
<msg timestamp="20230819 23:43:04.788" level="INFO">prep subsetting not needed</msg>
<msg timestamp="20230819 23:43:04.788" level="INFO">loca subsetting not needed</msg>
<msg timestamp="20230819 23:43:04.789" level="INFO">post subsetted</msg>
<msg timestamp="20230819 23:43:04.789" level="INFO">gasp subsetting not needed</msg>
<msg timestamp="20230819 23:43:04.789" level="INFO">STAT subsetting not needed</msg>
<msg timestamp="20230819 23:43:04.789" level="INFO">name subsetting not needed</msg>
<msg timestamp="20230819 23:43:04.791" level="INFO">glyf subsetted</msg>
<msg timestamp="20230819 23:43:04.791" level="INFO">head pruned</msg>
<msg timestamp="20230819 23:43:04.792" level="INFO">OS/2 Unicode ranges pruned: [0]</msg>
<msg timestamp="20230819 23:43:04.793" level="INFO">glyf pruned</msg>
<msg timestamp="20230819 23:43:04.796" level="INFO">name pruned</msg>
<msg timestamp="20230819 23:43:04.827" level="INFO">maxp pruned</msg>
<msg timestamp="20230819 23:43:04.827" level="INFO">cmap pruned</msg>
<msg timestamp="20230819 23:43:04.829" level="INFO">post pruned</msg>
<msg timestamp="20230819 23:43:04.829" level="INFO">GDEF dropped</msg>
<msg timestamp="20230819 23:43:04.830" level="INFO">GPOS dropped</msg>
<msg timestamp="20230819 23:43:04.830" level="INFO">GSUB dropped</msg>
<msg timestamp="20230819 23:43:04.837" level="INFO">glyf pruned</msg>
<msg timestamp="20230819 23:43:04.838" level="INFO">Added gid0 to subset</msg>
<msg timestamp="20230819 23:43:04.838" level="INFO">Added first four glyphs to subset</msg>
<msg timestamp="20230819 23:43:04.838" level="INFO">Closing glyph list over 'glyf': 19 glyphs before</msg>
<msg timestamp="20230819 23:43:04.838" level="INFO">Glyph names: ['.notdef', '.null', 'uni0020', 'uni0030', 'uni0031', 'uni0032', 'uni0033', 'uni0034', 'uni0035', 'uni0036', 'uni0037', 'uni0038', 'uni0039', 'uni0041', 'uni0062', 'uni006E', 'uni007B', 'uni007D', 'uni00C4']</msg>
<msg timestamp="20230819 23:43:04.839" level="INFO">Glyph IDs:   [0, 1, 2, 3, 575, 759, 1294, 1295, 1296, 1298, 1299, 1300, 1302, 1303, 1304, 1305, 1345, 1346, 1681]</msg>
<msg timestamp="20230819 23:43:04.839" level="INFO">Closed glyph list over 'glyf': 19 glyphs after</msg>
<msg timestamp="20230819 23:43:04.839" level="INFO">Glyph names: ['.notdef', '.null', 'uni0020', 'uni0030', 'uni0031', 'uni0032', 'uni0033', 'uni0034', 'uni0035', 'uni0036', 'uni0037', 'uni0038', 'uni0039', 'uni0041', 'uni0062', 'uni006E', 'uni007B', 'uni007D', 'uni00C4']</msg>
<msg timestamp="20230819 23:43:04.840" level="INFO">Glyph IDs:   [0, 1, 2, 3, 575, 759, 1294, 1295, 1296, 1298, 1299, 1300, 1302, 1303, 1304, 1305, 1345, 1346, 1681]</msg>
<msg timestamp="20230819 23:43:04.841" level="INFO">Retaining 19 glyphs</msg>
<msg timestamp="20230819 23:43:04.841" level="INFO">head subsetting not needed</msg>
<msg timestamp="20230819 23:43:04.842" level="INFO">hhea subsetting not needed</msg>
<msg timestamp="20230819 23:43:04.842" level="INFO">maxp subsetting not needed</msg>
<msg timestamp="20230819 23:43:04.842" level="INFO">OS/2 subsetting not needed</msg>
<msg timestamp="20230819 23:43:04.843" level="INFO">hmtx subsetted</msg>
<msg timestamp="20230819 23:43:04.845" level="INFO">cmap subsetted</msg>
<msg timestamp="20230819 23:43:04.846" level="INFO">prep subsetting not needed</msg>
<msg timestamp="20230819 23:43:04.846" level="INFO">loca subsetting not needed</msg>
<msg timestamp="20230819 23:43:04.846" level="INFO">post subsetted</msg>
<msg timestamp="20230819 23:43:04.846" level="INFO">gasp subsetting not needed</msg>
<msg timestamp="20230819 23:43:04.847" level="INFO">STAT subsetting not needed</msg>
<msg timestamp="20230819 23:43:04.847" level="INFO">name subsetting not needed</msg>
<msg timestamp="20230819 23:43:04.848" level="INFO">glyf subsetted</msg>
<msg timestamp="20230819 23:43:04.849" level="INFO">head pruned</msg>
<msg timestamp="20230819 23:43:04.849" level="INFO">OS/2 Unicode ranges pruned: [0]</msg>
<msg timestamp="20230819 23:43:04.850" level="INFO">glyf pruned</msg>
<msg timestamp="20230819 23:43:04.852" level="INFO">name pruned</msg>
<msg timestamp="20230819 23:43:04.870" level="INFO">maxp pruned</msg>
<msg timestamp="20230819 23:43:04.871" level="INFO">cmap pruned</msg>
<msg timestamp="20230819 23:43:04.872" level="INFO">post pruned</msg>
<msg timestamp="20230819 23:43:04.873" level="INFO">GDEF dropped</msg>
<msg timestamp="20230819 23:43:04.873" level="INFO">GPOS dropped</msg>
<msg timestamp="20230819 23:43:04.874" level="INFO">GSUB dropped</msg>
<msg timestamp="20230819 23:43:04.880" level="INFO">glyf pruned</msg>
<msg timestamp="20230819 23:43:04.886" level="INFO">Added gid0 to subset</msg>
<msg timestamp="20230819 23:43:04.886" level="INFO">Added first four glyphs to subset</msg>
<msg timestamp="20230819 23:43:04.887" level="INFO">Closing glyph list over 'glyf': 18 glyphs before</msg>
<msg timestamp="20230819 23:43:04.887" level="INFO">Glyph names: ['.notdef', '.null', 'uni0020', 'uni0030', 'uni0031', 'uni0032', 'uni0033', 'uni0034', 'uni0035', 'uni0036', 'uni0037', 'uni0038', 'uni0039', 'uni0062', 'uni006E', 'uni007B', 'uni007D', 'uni00A0']</msg>
<msg timestamp="20230819 23:43:04.888" level="INFO">Glyph IDs:   [0, 1, 2, 3, 544, 727, 1256, 1257, 1258, 1260, 1261, 1262, 1264, 1265, 1266, 1267, 1307, 1308]</msg>
<msg timestamp="20230819 23:43:04.888" level="INFO">Closed glyph list over 'glyf': 18 glyphs after</msg>
<msg timestamp="20230819 23:43:04.888" level="INFO">Glyph names: ['.notdef', '.null', 'uni0020', 'uni0030', 'uni0031', 'uni0032', 'uni0033', 'uni0034', 'uni0035', 'uni0036', 'uni0037', 'uni0038', 'uni0039', 'uni0062', 'uni006E', 'uni007B', 'uni007D', 'uni00A0']</msg>
<msg timestamp="20230819 23:43:04.888" level="INFO">Glyph IDs:   [0, 1, 2, 3, 544, 727, 1256, 1257, 1258, 1260, 1261, 1262, 1264, 1265, 1266, 1267, 1307, 1308]</msg>
<msg timestamp="20230819 23:43:04.889" level="INFO">Retaining 18 glyphs</msg>
<msg timestamp="20230819 23:43:04.889" level="INFO">head subsetting not needed</msg>
<msg timestamp="20230819 23:43:04.890" level="INFO">hhea subsetting not needed</msg>
<msg timestamp="20230819 23:43:04.890" level="INFO">maxp subsetting not needed</msg>
<msg timestamp="20230819 23:43:04.890" level="INFO">OS/2 subsetting not needed</msg>
<msg timestamp="20230819 23:43:04.891" level="INFO">hmtx subsetted</msg>
<msg timestamp="20230819 23:43:04.893" level="INFO">cmap subsetted</msg>
<msg timestamp="20230819 23:43:04.894" level="INFO">loca subsetting not needed</msg>
<msg timestamp="20230819 23:43:04.894" level="INFO">post subsetted</msg>
<msg timestamp="20230819 23:43:04.895" level="INFO">name subsetting not needed</msg>
<msg timestamp="20230819 23:43:04.896" level="INFO">glyf subsetted</msg>
<msg timestamp="20230819 23:43:04.897" level="INFO">head pruned</msg>
<msg timestamp="20230819 23:43:04.897" level="INFO">OS/2 Unicode ranges pruned: [0]</msg>
<msg timestamp="20230819 23:43:04.898" level="INFO">glyf pruned</msg>
<msg timestamp="20230819 23:43:04.898" level="INFO">name pruned</msg>
<msg timestamp="20230819 23:43:04.912" level="INFO">maxp pruned</msg>
<msg timestamp="20230819 23:43:04.913" level="INFO">cmap pruned</msg>
<msg timestamp="20230819 23:43:04.914" level="INFO">post pruned</msg>
<msg timestamp="20230819 23:43:04.915" level="INFO">GDEF dropped</msg>
<msg timestamp="20230819 23:43:04.915" level="INFO">GPOS dropped</msg>
<msg timestamp="20230819 23:43:04.916" level="INFO">GSUB dropped</msg>
<msg timestamp="20230819 23:43:04.923" level="INFO">glyf pruned</msg>
<msg timestamp="20230819 23:43:04.928" level="INFO">Added gid0 to subset</msg>
<msg timestamp="20230819 23:43:04.929" level="INFO">Added first four glyphs to subset</msg>
<msg timestamp="20230819 23:43:04.929" level="INFO">Closing glyph list over 'glyf': 18 glyphs before</msg>
<msg timestamp="20230819 23:43:04.929" level="INFO">Glyph names: ['.notdef', '.null', 'uni0020', 'uni0030', 'uni0031', 'uni0032', 'uni0033', 'uni0034', 'uni0035', 'uni0036', 'uni0037', 'uni0038', 'uni0039', 'uni0062', 'uni006E', 'uni007B', 'uni007D', 'uni00A0']</msg>
<msg timestamp="20230819 23:43:04.929" level="INFO">Glyph IDs:   [0, 1, 2, 3, 544, 727, 1256, 1257, 1258, 1260, 1261, 1262, 1264, 1265, 1266, 1267, 1307, 1308]</msg>
<msg timestamp="20230819 23:43:04.930" level="INFO">Closed glyph list over 'glyf': 18 glyphs after</msg>
<msg timestamp="20230819 23:43:04.930" level="INFO">Glyph names: ['.notdef', '.null', 'uni0020', 'uni0030', 'uni0031', 'uni0032', 'uni0033', 'uni0034', 'uni0035', 'uni0036', 'uni0037', 'uni0038', 'uni0039', 'uni0062', 'uni006E', 'uni007B', 'uni007D', 'uni00A0']</msg>
<msg timestamp="20230819 23:43:04.930" level="INFO">Glyph IDs:   [0, 1, 2, 3, 544, 727, 1256, 1257, 1258, 1260, 1261, 1262, 1264, 1265, 1266, 1267, 1307, 1308]</msg>
<msg timestamp="20230819 23:43:04.931" level="INFO">Retaining 18 glyphs</msg>
<msg timestamp="20230819 23:43:04.931" level="INFO">head subsetting not needed</msg>
<msg timestamp="20230819 23:43:04.932" level="INFO">hhea subsetting not needed</msg>
<msg timestamp="20230819 23:43:04.932" level="INFO">maxp subsetting not needed</msg>
<msg timestamp="20230819 23:43:04.932" level="INFO">OS/2 subsetting not needed</msg>
<msg timestamp="20230819 23:43:04.933" level="INFO">hmtx subsetted</msg>
<msg timestamp="20230819 23:43:04.934" level="INFO">cmap subsetted</msg>
<msg timestamp="20230819 23:43:04.935" level="INFO">loca subsetting not needed</msg>
<msg timestamp="20230819 23:43:04.935" level="INFO">post subsetted</msg>
<msg timestamp="20230819 23:43:04.935" level="INFO">name subsetting not needed</msg>
<msg timestamp="20230819 23:43:04.937" level="INFO">glyf subsetted</msg>
<msg timestamp="20230819 23:43:04.938" level="INFO">head pruned</msg>
<msg timestamp="20230819 23:43:04.938" level="INFO">OS/2 Unicode ranges pruned: [0]</msg>
<msg timestamp="20230819 23:43:04.940" level="INFO">glyf pruned</msg>
<msg timestamp="20230819 23:43:04.940" level="INFO">name pruned</msg>
<status status="PASS" starttime="20230819 23:43:04.594" endtime="20230819 23:43:04.964"/>
</kw>
<return>
<value>${pdf_name}</value>
<status status="PASS" starttime="20230819 23:43:04.965" endtime="20230819 23:43:04.965"/>
</return>
<msg timestamp="20230819 23:43:04.966" level="INFO">${pdf} = c:\robocorp\l2/output/pdfs/20.pdf</msg>
<status status="PASS" starttime="20230819 23:43:04.560" endtime="20230819 23:43:04.966"/>
</kw>
<kw name="Take a screenshot of the robot">
<var>${screenshot}</var>
<arg>${order}[Order number]</arg>
<kw name="Log" library="BuiltIn">
<arg>saving screenshot</arg>
<doc>Logs the given message with the given level.</doc>
<msg timestamp="20230819 23:43:04.969" level="INFO">saving screenshot</msg>
<status status="PASS" starttime="20230819 23:43:04.968" endtime="20230819 23:43:04.969"/>
</kw>
<kw name="Wait Until Element Is Visible" library="RPA.Browser.Selenium">
<arg>alias:img_preview</arg>
<doc>Waits until the element ``locator`` is visible.</doc>
<status status="PASS" starttime="20230819 23:43:04.970" endtime="20230819 23:43:05.008"/>
</kw>
<kw name="Set Local Variable" library="BuiltIn">
<arg>${screenshot}</arg>
<arg>${imgs}/${order_num}.png</arg>
<doc>Makes a variable available everywhere within the local scope.</doc>
<msg timestamp="20230819 23:43:05.012" level="INFO">${screenshot} = c:\robocorp\l2/output/images/20.png</msg>
<status status="PASS" starttime="20230819 23:43:05.009" endtime="20230819 23:43:05.013"/>
</kw>
<kw name="Sleep" library="BuiltIn">
<arg>1sec</arg>
<doc>Pauses the test executed for the given time.</doc>
<msg timestamp="20230819 23:43:06.023" level="INFO">Slept 1 second</msg>
<status status="PASS" starttime="20230819 23:43:05.014" endtime="20230819 23:43:06.024"/>
</kw>
<kw name="Capture Element Screenshot" library="RPA.Browser.Selenium">
<arg>alias:img_preview</arg>
<arg>${screenshot}</arg>
<doc>Captures a screenshot from the element identified by ``locator`` and embeds it into log file.</doc>
<msg timestamp="20230819 23:43:06.188" level="INFO" html="true">&lt;/td&gt;&lt;/tr&gt;&lt;tr&gt;&lt;td colspan="3"&gt;&lt;a href="file:///C:/robocorp/l2/output/images/20.png"&gt;&lt;img src="file:///C:/robocorp/l2/output/images/20.png" width="400px"&gt;&lt;/a&gt;</msg>
<status status="PASS" starttime="20230819 23:43:06.024" endtime="20230819 23:43:06.189"/>
</kw>
<return>
<value>${screenshot}</value>
<status status="PASS" starttime="20230819 23:43:06.189" endtime="20230819 23:43:06.190"/>
</return>
<msg timestamp="20230819 23:43:06.190" level="INFO">${screenshot} = c:\robocorp\l2/output/images/20.png</msg>
<status status="PASS" starttime="20230819 23:43:04.967" endtime="20230819 23:43:06.191"/>
</kw>
<kw name="Embed the robot screenshot to the receipt PDF file">
<arg>${screenshot}</arg>
<arg>${pdf}</arg>
<kw name="Log" library="BuiltIn">
<arg>embedding screenshot in pdf</arg>
<doc>Logs the given message with the given level.</doc>
<msg timestamp="20230819 23:43:06.193" level="INFO">embedding screenshot in pdf</msg>
<status status="PASS" starttime="20230819 23:43:06.192" endtime="20230819 23:43:06.193"/>
</kw>
<kw name="Open Pdf" library="RPA.PDF">
<arg>${pdf}</arg>
<doc>Open a PDF document for reading.</doc>
<status status="PASS" starttime="20230819 23:43:06.193" endtime="20230819 23:43:06.199"/>
</kw>
<kw name="Create List" library="BuiltIn">
<var>@{file}</var>
<arg>${screenshot}</arg>
<doc>Returns a list containing given items.</doc>
<msg timestamp="20230819 23:43:06.203" level="INFO">@{file} = [ c:\robocorp\l2/output/images/20.png ]</msg>
<status status="PASS" starttime="20230819 23:43:06.200" endtime="20230819 23:43:06.203"/>
</kw>
<kw name="Add Files To Pdf" library="RPA.PDF">
<arg>${file}</arg>
<arg>${pdf}</arg>
<arg>${True}</arg>
<doc>Add images and/or pdfs to new PDF document.</doc>
<msg timestamp="20230819 23:43:06.210" level="INFO">Adding page: 0</msg>
<msg timestamp="20230819 23:43:06.222" level="INFO">File c:\robocorp\l2\output\images\20.png type: png</msg>
<msg timestamp="20230819 23:43:06.223" level="INFO">Image parameters: {}</msg>
<status status="PASS" starttime="20230819 23:43:06.204" endtime="20230819 23:43:06.272"/>
</kw>
<status status="PASS" starttime="20230819 23:43:06.191" endtime="20230819 23:43:06.273"/>
</kw>
<kw name="Click Button" library="RPA.Browser.Selenium">
<arg>alias:btn_orderanother</arg>
<doc>Clicks the button identified by ``locator``.</doc>
<msg timestamp="20230819 23:43:06.274" level="INFO">Clicking button 'alias:btn_orderanother'.</msg>
<status status="PASS" starttime="20230819 23:43:06.273" endtime="20230819 23:43:06.536"/>
</kw>
<status status="PASS" starttime="20230819 23:43:03.532" endtime="20230819 23:43:06.537"/>
</iter>
<status status="PASS" starttime="20230819 23:41:41.465" endtime="20230819 23:43:06.539"/>
</for>
<kw name="Archive Folder With Zip" library="RPA.Archive">
<arg>folder=${pdfs}</arg>
<arg>archive_name=c:\\robocorp\\l2/output/pdf_archive.zip</arg>
<arg>recursive=True</arg>
<arg>include=*.pdf</arg>
<doc>Create a zip archive of a folder</doc>
<status status="PASS" starttime="20230819 23:43:06.541" endtime="20230819 23:43:06.632"/>
</kw>
<kw name="Close Browser" library="RPA.Browser.Selenium" type="TEARDOWN">
<doc>Closes the current browser.</doc>
<status status="PASS" starttime="20230819 23:43:06.635" endtime="20230819 23:43:09.046"/>
</kw>
<status status="PASS" starttime="20230819 23:41:36.122" endtime="20230819 23:43:09.048"/>
</test>
<doc>Orders robots from RobotSpareBin Industries Inc.
Saves the order HTML receipt as a PDF file.
Saves the screenshot of the ordered robot.
Embeds the screenshot of the robot to the PDF receipt.
Creates ZIP archive of the receipts and the images.</doc>
<status status="PASS" starttime="20230819 23:41:32.221" endtime="20230819 23:43:09.055"/>
</suite>
<statistics>
<total>
<stat pass="1" fail="0" skip="0">All Tasks</stat>
</total>
<tag>
</tag>
<suite>
<stat pass="1" fail="0" skip="0" id="s1" name="Tasks">Tasks</stat>
</suite>
</statistics>
<errors>
</errors>
</robot>
